[Sat, 12. Sep 2020 09:52:27 BST | ID 543449647868542976] Delvasity: Unban roba
[Sat, 12. Sep 2020 09:52:39 BST | ID 609464373467021364] Rileygrist11: Harry don't
[Sat, 12. Sep 2020 09:52:45 BST | ID 543449647868542976] Delvasity: How come?
[Sat, 12. Sep 2020 09:52:57 BST | ID 609464373467021364] Rileygrist11: he's trying to set for off again
[Sat, 12. Sep 2020 09:57:40 BST | ID 609464373467021364] Rileygrist11: he was setting tnt off again
[Sat, 12. Sep 2020 09:59:22 BST | ID 543449647868542976] Delvasity: U happy for me to unban? I'll load up and watch him for a bit
[Sat, 12. Sep 2020 09:59:57 BST | ID 543449647868542976] Delvasity: Unban robanomi
[Sat, 12. Sep 2020 10:00:28 BST | ID 609464373467021364] Rileygrist11: /kill @e[type=PrimedTnt]
[Sat, 12. Sep 2020 10:01:01 BST | ID 609464373467021364] Rileygrist11: get a command block protect it and paste  command in /kill @e[type=PrimedTnt]
[Sat, 12. Sep 2020 10:06:00 BST | ID 543449647868542976] Delvasity: /unban robanomi
[Sat, 12. Sep 2020 10:06:14 BST | ID 543449647868542976] Delvasity: Unban robanomi
[Sat, 12. Sep 2020 10:06:22 BST | ID 543449647868542976] Delvasity: How tf does it work?
[Sat, 12. Sep 2020 10:06:26 BST | ID 609464373467021364] Rileygrist11: tempban robanomi 1
[Sat, 12. Sep 2020 10:06:42 BST | ID 609464373467021364] Rileygrist11: temp and and proper ban runs on 2 diffrent systems
[Sat, 12. Sep 2020 10:06:53 BST | ID 543449647868542976] Delvasity: Ah, okay
[Sat, 12. Sep 2020 10:07:02 BST | ID 609464373467021364] Rileygrist11: yeah need to know the cheat
[Sat, 12. Sep 2020 10:12:00 BST | ID 609464373467021364] Rileygrist11: msg delvasity /give delvasity  commandblock
[Sat, 12. Sep 2020 10:13:14 BST | ID 609464373467021364] Rileygrist11: /msg delvasity  wdym
[Sat, 12. Sep 2020 10:13:50 BST | ID 609464373467021364] Rileygrist11: /r wdym
[Sat, 12. Sep 2020 10:14:02 BST | ID 609464373467021364] Rileygrist11: r wdym
[Sat, 12. Sep 2020 10:14:10 BST | ID 609464373467021364] Rileygrist11: r lol
[Sat, 12. Sep 2020 10:14:33 BST | ID 609464373467021364] Rileygrist11: r diffrent are you still admin
[Sat, 12. Sep 2020 10:14:47 BST | ID 609464373467021364] Rileygrist11: /r I deop u 1 min
[Sat, 12. Sep 2020 10:14:58 BST | ID 609464373467021364] Rileygrist11: /r yes I did
[Sat, 12. Sep 2020 10:15:08 BST | ID 609464373467021364] Rileygrist11: ok delvasity
[Sat, 12. Sep 2020 10:15:53 BST | ID 609464373467021364] Rileygrist11: broadcast robanomi this is your warning do not attempt to set the tnt off
[Sat, 12. Sep 2020 10:16:09 BST | ID 543449647868542976] Delvasity: Still fucked
[Sat, 12. Sep 2020 10:16:19 BST | ID 609464373467021364] Rileygrist11: oh
[Sat, 12. Sep 2020 10:16:44 BST | ID 609464373467021364] Rileygrist11: r I'll be in shortly
[Sat, 12. Sep 2020 10:18:00 BST | ID 609464373467021364] Rileygrist11: broadcast give me 10 mins
[Sat, 12. Sep 2020 10:18:22 BST | ID 609464373467021364] Rileygrist11: smite roba
[Sat, 12. Sep 2020 10:18:27 BST | ID 609464373467021364] Rileygrist11: smite del
[Sat, 12. Sep 2020 10:19:06 BST | ID 609464373467021364] Rileygrist11: broadcast give me some time lol
[Sat, 12. Sep 2020 10:19:34 BST | ID 609464373467021364] Rileygrist11: smite delvasity
[Sat, 12. Sep 2020 10:19:49 BST | ID 609464373467021364] Rileygrist11: can't kill the console
[Sat, 12. Sep 2020 10:20:17 BST | ID 609464373467021364] Rileygrist11: broadcast can't kill the console
[Sat, 12. Sep 2020 10:20:49 BST | ID 609464373467021364] Rileygrist11: broadcast he he lol
[Sat, 12. Sep 2020 10:21:02 BST | ID 543449647868542976] Delvasity: Broadcast rape
[Sat, 12. Sep 2020 10:21:14 BST | ID 543449647868542976] Delvasity: Broadcast me
[Sat, 12. Sep 2020 10:21:19 BST | ID 543449647868542976] Delvasity: Broadcast senpai
[Sat, 12. Sep 2020 10:21:38 BST | ID 609464373467021364] Rileygrist11: broadcast Harry u should know by now this can be used
[Sat, 12. Sep 2020 10:47:18 BST | ID 609464373467021364] Rileygrist11: kill rob
[Sat, 12. Sep 2020 12:00:32 BST | ID 609464373467021364] Rileygrist11: greifprevention reload
[Sat, 12. Sep 2020 12:53:05 BST | ID 609464373467021364] Rileygrist11: gm 1 r3d_jive
[Sat, 12. Sep 2020 12:59:54 BST | ID 609464373467021364] Rileygrist11: broadcast  /g 0 or 1 or 2 or 3
[Sat, 12. Sep 2020 16:10:41 BST | ID 609464373467021364] Rileygrist11: gm 1 r3d_jive
[Sat, 12. Sep 2020 18:58:32 BST | ID 609464373467021364] Rileygrist11: kill rob
[Sat, 12. Sep 2020 19:00:53 BST | ID 609464373467021364] Rileygrist11: mv create shop normal
