[Fri, 11. Sep 2020 18:06:24 BST | ID 609464373467021364] Rileygrist11: all users need to be able to access the chat minecraft
[Fri, 11. Sep 2020 20:47:08 BST | ID 609464373467021364] Rileygrist11: /gm 1 r3d_jive
[Fri, 11. Sep 2020 20:47:33 BST | ID 609464373467021364] Rileygrist11: gm 1 r3d_jive
[Fri, 11. Sep 2020 21:10:02 BST | ID 543449647868542976] Delvasity: kill
[Fri, 11. Sep 2020 21:10:06 BST | ID 543449647868542976] Delvasity: kill riley
[Fri, 11. Sep 2020 21:10:20 BST | ID 543449647868542976] Delvasity: kill riley
[Fri, 11. Sep 2020 21:10:24 BST | ID 543449647868542976] Delvasity: kill riley
[Fri, 11. Sep 2020 21:10:25 BST | ID 543449647868542976] Delvasity: kill riley
[Fri, 11. Sep 2020 21:10:25 BST | ID 543449647868542976] Delvasity: kill riley
[Fri, 11. Sep 2020 21:10:26 BST | ID 543449647868542976] Delvasity: kill riley
[Fri, 11. Sep 2020 21:10:27 BST | ID 543449647868542976] Delvasity: kill riley
[Fri, 11. Sep 2020 21:10:27 BST | ID 543449647868542976] Delvasity: kill riley
[Fri, 11. Sep 2020 21:10:28 BST | ID 543449647868542976] Delvasity: kill riley
[Fri, 11. Sep 2020 21:10:29 BST | ID 543449647868542976] Delvasity: kill riley
[Fri, 11. Sep 2020 21:10:29 BST | ID 543449647868542976] Delvasity: kill riley
[Fri, 11. Sep 2020 21:10:30 BST | ID 543449647868542976] Delvasity: kill riley
[Fri, 11. Sep 2020 21:10:30 BST | ID 543449647868542976] Delvasity: kill riley
[Fri, 11. Sep 2020 21:10:31 BST | ID 543449647868542976] Delvasity: kill riley
[Fri, 11. Sep 2020 21:10:32 BST | ID 543449647868542976] Delvasity: kill riley
[Fri, 11. Sep 2020 21:10:32 BST | ID 543449647868542976] Delvasity: kill riley
[Fri, 11. Sep 2020 21:10:33 BST | ID 543449647868542976] Delvasity: kill riley
[Fri, 11. Sep 2020 21:10:34 BST | ID 543449647868542976] Delvasity: kill riley
[Fri, 11. Sep 2020 21:10:34 BST | ID 543449647868542976] Delvasity: kill riley
[Fri, 11. Sep 2020 21:10:35 BST | ID 543449647868542976] Delvasity: kill riley
[Fri, 11. Sep 2020 21:10:35 BST | ID 543449647868542976] Delvasity: kill riley
[Fri, 11. Sep 2020 21:10:40 BST | ID 543449647868542976] Delvasity: kill riley
[Fri, 11. Sep 2020 21:10:40 BST | ID 543449647868542976] Delvasity: kill riley
[Fri, 11. Sep 2020 21:10:41 BST | ID 543449647868542976] Delvasity: kill riley
[Fri, 11. Sep 2020 21:10:41 BST | ID 543449647868542976] Delvasity: kill riley
[Fri, 11. Sep 2020 21:13:46 BST | ID 543449647868542976] Delvasity: /op delvasity
[Fri, 11. Sep 2020 21:15:53 BST | ID 609464373467021364] Rileygrist11: undo
[Fri, 11. Sep 2020 22:25:59 BST | ID 609464373467021364] Rileygrist11: tempban robanomi 1
[Fri, 11. Sep 2020 22:26:29 BST | ID 609464373467021364] Rileygrist11: gm 2 rob
[Fri, 11. Sep 2020 22:26:43 BST | ID 609464373467021364] Rileygrist11: clearinvenotry rob
[Fri, 11. Sep 2020 22:28:27 BST | ID 609464373467021364] Rileygrist11: gm 0 rob
