[00:05:15] [Server thread/WARN]: Can't keep up! Is the server overloaded? Running 5848ms or 116 ticks behind
[00:10:21] [Server thread/WARN]: Can't keep up! Is the server overloaded? Running 5007ms or 100 ticks behind
[00:15:25] [Server thread/WARN]: Can't keep up! Is the server overloaded? Running 5109ms or 102 ticks behind
[00:25:31] [Server thread/WARN]: Can't keep up! Is the server overloaded? Running 5055ms or 101 ticks behind
[00:40:35] [Server thread/WARN]: Can't keep up! Is the server overloaded? Running 5034ms or 100 ticks behind
[01:25:41] [Server thread/WARN]: Can't keep up! Is the server overloaded? Running 5696ms or 113 ticks behind
[01:40:46] [Server thread/WARN]: Can't keep up! Is the server overloaded? Running 5583ms or 111 ticks behind
[01:45:52] [Server thread/WARN]: Can't keep up! Is the server overloaded? Running 5526ms or 110 ticks behind
[01:50:58] [Server thread/WARN]: Can't keep up! Is the server overloaded? Running 6371ms or 127 ticks behind
[01:56:08] [Server thread/WARN]: Can't keep up! Is the server overloaded? Running 9694ms or 193 ticks behind
[02:06:13] [Server thread/WARN]: Can't keep up! Is the server overloaded? Running 5585ms or 111 ticks behind
[02:11:20] [Server thread/WARN]: Can't keep up! Is the server overloaded? Running 6393ms or 127 ticks behind
[02:16:26] [Server thread/WARN]: Can't keep up! Is the server overloaded? Running 6519ms or 130 ticks behind
[02:21:33] [Server thread/WARN]: Can't keep up! Is the server overloaded? Running 7401ms or 148 ticks behind
[02:26:42] [Server thread/WARN]: Can't keep up! Is the server overloaded? Running 8451ms or 169 ticks behind
[02:41:49] [Server thread/WARN]: Can't keep up! Is the server overloaded? Running 5473ms or 109 ticks behind
[02:56:52] [Server thread/WARN]: Can't keep up! Is the server overloaded? Running 5157ms or 103 ticks behind
[03:01:58] [Server thread/WARN]: Can't keep up! Is the server overloaded? Running 5620ms or 112 ticks behind
[03:17:05] [Server thread/WARN]: Can't keep up! Is the server overloaded? Running 7400ms or 148 ticks behind
[03:22:11] [Server thread/WARN]: Can't keep up! Is the server overloaded? Running 5053ms or 101 ticks behind
[03:35:58] [User Authenticator #12/INFO]: UUID of player soratwo is 62ae680b-5ff1-339c-a7c9-53b3c7acbeee
[03:36:00] [Server thread/INFO]: soratwo[/75.139.21.2:4276] logged in with entity id 9703 at ([world]-493.5, 63.0, 329.5)
[03:36:02] [pool-16-thread-1/INFO]: Creating empty config: C:\Users\test\Desktop\Delvasity\plugins\Essentials\userdata\62ae680b-5ff1-339c-a7c9-53b3c7acbeee.yml
[03:36:25] [Server thread/INFO]: soratwo left the game
[03:36:27] [User Authenticator #13/INFO]: UUID of player soratwo is 62ae680b-5ff1-339c-a7c9-53b3c7acbeee
[03:36:27] [Server thread/INFO]: Disconnecting com.mojang.authlib.GameProfile@5b52d268[id=62ae680b-5ff1-339c-a7c9-53b3c7acbeee,name=soratwo,properties={},legacy=false] (/75.139.21.2:4281): You must wait 34 seconds before logging-in again.
[03:36:31] [User Authenticator #14/INFO]: UUID of player OrganicMatt is 1996eaca-a967-33f3-829f-147a6fb5a856
[03:36:32] [Server thread/INFO]: OrganicMatt[/216.128.111.38:3634] logged in with entity id 9738 at ([world]-495.5, 63.0, 325.5)
[03:36:32] [pool-16-thread-1/INFO]: Creating empty config: C:\Users\test\Desktop\Delvasity\plugins\Essentials\userdata\1996eaca-a967-33f3-829f-147a6fb5a856.yml
[03:36:46] [User Authenticator #15/INFO]: UUID of player soratwo is 62ae680b-5ff1-339c-a7c9-53b3c7acbeee
[03:36:46] [Server thread/INFO]: Disconnecting com.mojang.authlib.GameProfile@463fe6f7[id=62ae680b-5ff1-339c-a7c9-53b3c7acbeee,name=soratwo,properties={},legacy=false] (/75.139.21.2:4286): You must wait 14 seconds before logging-in again.
[03:36:52] [Server thread/INFO]: OrganicMatt issued server command: /jobs
[03:37:00] [Server thread/INFO]: OrganicMatt issued server command: /jobs join builder
[03:37:01] [User Authenticator #16/INFO]: UUID of player soratwo is 62ae680b-5ff1-339c-a7c9-53b3c7acbeee
[03:37:06] [Server thread/INFO]: soratwo[/75.139.21.2:4291] logged in with entity id 9765 at ([world]-498.5, 97.0, 333.5)
[03:37:06] [Server thread/INFO]: OrganicMatt issued server command: /jobs join miner
[03:37:09] [Server thread/WARN]: Can't keep up! Is the server overloaded? Running 7437ms or 148 ticks behind
[03:37:21] [Server thread/INFO]: OrganicMatt issued server command: /jobs join hunter
[03:37:26] [Server thread/INFO]: OrganicMatt issued server command: /jobs join hunter
[03:37:31] [Server thread/INFO]: soratwo left the game
[03:37:32] [Server thread/INFO]: OrganicMatt issued server command: /jobs
[03:37:37] [Server thread/INFO]: OrganicMatt issued server command: /jobs join hunter
[03:42:26] [Server thread/WARN]: Can't keep up! Is the server overloaded? Running 8147ms or 162 ticks behind
[03:42:45] [Server thread/INFO]: OrganicMatt left the game
[03:47:31] [Server thread/WARN]: Can't keep up! Is the server overloaded? Running 5343ms or 106 ticks behind
[04:02:39] [Server thread/WARN]: Can't keep up! Is the server overloaded? Running 7965ms or 159 ticks behind
[04:07:47] [Server thread/WARN]: Can't keep up! Is the server overloaded? Running 7490ms or 149 ticks behind
[04:12:53] [Server thread/WARN]: Can't keep up! Is the server overloaded? Running 6219ms or 124 ticks behind
[04:17:58] [Server thread/WARN]: Can't keep up! Is the server overloaded? Running 5004ms or 100 ticks behind
[04:28:05] [Server thread/WARN]: Can't keep up! Is the server overloaded? Running 7221ms or 144 ticks behind
[04:38:10] [Server thread/WARN]: Can't keep up! Is the server overloaded? Running 5100ms or 102 ticks behind
[04:43:14] [Craft Scheduler Thread - 118/INFO]: [Vault] Checking for Updates ... 
[04:43:16] [Craft Scheduler Thread - 118/INFO]: [Vault] No new version available
[04:53:18] [Server thread/WARN]: Can't keep up! Is the server overloaded? Running 8111ms or 162 ticks behind
[05:03:25] [Server thread/WARN]: Can't keep up! Is the server overloaded? Running 6783ms or 135 ticks behind
[05:13:34] [Server thread/WARN]: Can't keep up! Is the server overloaded? Running 9364ms or 187 ticks behind
[05:23:42] [Server thread/WARN]: Can't keep up! Is the server overloaded? Running 7092ms or 141 ticks behind
[05:28:48] [Server thread/WARN]: Can't keep up! Is the server overloaded? Running 6989ms or 139 ticks behind
[05:33:54] [Server thread/WARN]: Can't keep up! Is the server overloaded? Running 6032ms or 120 ticks behind
[05:44:00] [Server thread/WARN]: Can't keep up! Is the server overloaded? Running 5230ms or 104 ticks behind
[05:49:05] [Server thread/WARN]: Can't keep up! Is the server overloaded? Running 5193ms or 103 ticks behind
[05:59:14] [Server thread/WARN]: Can't keep up! Is the server overloaded? Running 9257ms or 185 ticks behind
[06:04:21] [Server thread/WARN]: Can't keep up! Is the server overloaded? Running 6703ms or 134 ticks behind
[06:14:28] [Server thread/WARN]: Can't keep up! Is the server overloaded? Running 7265ms or 145 ticks behind
[06:19:34] [Server thread/WARN]: Can't keep up! Is the server overloaded? Running 5897ms or 117 ticks behind
[06:24:41] [Server thread/WARN]: Can't keep up! Is the server overloaded? Running 6932ms or 138 ticks behind
[06:34:50] [Server thread/WARN]: Can't keep up! Is the server overloaded? Running 9691ms or 193 ticks behind
[06:39:56] [Server thread/WARN]: Can't keep up! Is the server overloaded? Running 5174ms or 103 ticks behind
[06:50:01] [Server thread/WARN]: Can't keep up! Is the server overloaded? Running 5218ms or 104 ticks behind
[07:00:10] [Server thread/WARN]: Can't keep up! Is the server overloaded? Running 8948ms or 178 ticks behind
[07:10:20] [Server thread/WARN]: Can't keep up! Is the server overloaded? Running 10096ms or 201 ticks behind
[07:15:26] [Server thread/WARN]: Can't keep up! Is the server overloaded? Running 5925ms or 118 ticks behind
[07:25:32] [Server thread/WARN]: Can't keep up! Is the server overloaded? Running 6753ms or 135 ticks behind
[07:30:40] [Server thread/WARN]: Can't keep up! Is the server overloaded? Running 7903ms or 158 ticks behind
[08:00:51] [Server thread/WARN]: Can't keep up! Is the server overloaded? Running 10374ms or 207 ticks behind
[08:05:57] [Server thread/WARN]: Can't keep up! Is the server overloaded? Running 6519ms or 130 ticks behind
[08:16:05] [Server thread/WARN]: Can't keep up! Is the server overloaded? Running 8009ms or 160 ticks behind
[08:21:14] [Server thread/WARN]: Can't keep up! Is the server overloaded? Running 9257ms or 185 ticks behind
[08:26:21] [Server thread/WARN]: Can't keep up! Is the server overloaded? Running 6335ms or 126 ticks behind
[08:31:28] [Server thread/WARN]: Can't keep up! Is the server overloaded? Running 7524ms or 150 ticks behind
[08:36:33] [Server thread/WARN]: Can't keep up! Is the server overloaded? Running 5175ms or 103 ticks behind
[08:41:42] [Server thread/WARN]: Can't keep up! Is the server overloaded? Running 8610ms or 172 ticks behind
[08:46:48] [Server thread/WARN]: Can't keep up! Is the server overloaded? Running 6262ms or 125 ticks behind
[09:01:54] [Server thread/WARN]: Can't keep up! Is the server overloaded? Running 5389ms or 107 ticks behind
[09:07:05] [Server thread/WARN]: Can't keep up! Is the server overloaded? Running 11732ms or 234 ticks behind
[09:12:13] [Server thread/WARN]: Can't keep up! Is the server overloaded? Running 7456ms or 149 ticks behind
[09:17:21] [Server thread/WARN]: Can't keep up! Is the server overloaded? Running 8022ms or 160 ticks behind
[09:22:28] [Server thread/WARN]: Can't keep up! Is the server overloaded? Running 6889ms or 137 ticks behind
[09:32:34] [Server thread/WARN]: Can't keep up! Is the server overloaded? Running 6018ms or 120 ticks behind
[09:37:41] [Server thread/WARN]: Can't keep up! Is the server overloaded? Running 7217ms or 144 ticks behind
[09:47:47] [Server thread/WARN]: Can't keep up! Is the server overloaded? Running 5947ms or 118 ticks behind
[09:50:17] [User Authenticator #17/INFO]: UUID of player Robanomi is f05d718b-5ede-37f4-a555-1c8768271945
[09:50:19] [Server thread/INFO]: Robanomi[/86.115.183.84:35601] logged in with entity id 10392 at ([world]-312.315536039899, 72.83999997377396, 552.3000000119209)
[09:50:26] [Async Chat Thread - #4/INFO]: [[0;37;1m[0;37;1m][mRobanomi[m[m: t[m
[09:52:52] [Server thread/WARN]: Can't keep up! Is the server overloaded? Running 5352ms or 107 ticks behind
