15:38 Delvasity : fuck u
15:38 Delvasity : lol
15:38 Delvasity : fuck u Riley :rofl:
15:38 Delvasity : im stuck in creative and cant game mode
15:38 Delvasity : only kill
15:39 Delvasity : we gucci
15:40 Delvasity : y can I kill without perms?
15:40 Delvasity : lol
15:41 Delvasity : oops
15:41 Delvasity : oh, okay
15:41 Delvasity : oof, ill stop griefing u no
15:41 Delvasity : now*
15:42 Delvasity : oof
15:44 Delvasity : ./smite
15:44 Delvasity : okay
15:44 Delvasity : oof
15:44 Delvasity : ping don't work :cry:
15:45 Robanomi  : gimmi perms
15:45 Delvasity : dont
15:45 Robanomi  : i will make sure that harry will die
15:46 Delvasity : what commands can i do btw?
15:49 Delvasity : oof lol
15:49 Delvasity : i just wanna know what commands I can do lol
15:49 Delvasity : ./smite is all ik
15:49 Robanomi  : tpaacept aint working
15:51 Robanomi  : wht
15:51 Delvasity : lol
15:51 R3D_Jive  : hey
15:51 Robanomi  : lol wtf
15:51 R3D_Jive  : can i have perms to bully roba
15:51 R3D_Jive  : Digger
15:51 R3D_Jive  : hey can i have perms then
15:52 R3D_Jive  : gotcha
15:52 Delvasity : create rules then
15:53 Delvasity : #
15:53 R3D_Jive  : hey
15:54 Delvasity : can we have keep inv on?
15:54 R3D_Jive  : can i have server op then
15:54 Delvasity : nein
15:54 Delvasity : i aint op lol
15:54 Robanomi  : what about me
15:55 R3D_Jive  : FU finnish man
15:55 Robanomi  : why i dont have perms
15:55 Delvasity : oof
15:55 Delvasity : ./kick?
15:57 R3D_Jive  : how do i change myself to creative
15:57 Delvasity : i got no perms lol
15:57 R3D_Jive  : dont have perms
15:59 R3D_Jive  : how do I change personal gamemode
16:00 R3D_Jive  : dont have perms we change that
16:00 R3D_Jive  : u called
16:00 R3D_Jive  : u do it for me
16:01 R3D_Jive  : wanna fly around the map
16:01 R3D_Jive  : i also be able to have creative for like a hot minute
16:02 Robanomi  : can you give me perm
16:02 Robanomi  : s
16:02 R3D_Jive  : no
16:02 Delvasity : ./op delvasity
16:02 Delvasity : try it
16:03 Robanomi  : fuck you all
16:03 Delvasity : oof
16:03 R3D_Jive  : u gimmi gm 1
16:42 Delvasity : who is onine
16:44 No1WeeB200: delvasity smells
16:44 Delvasity : hi Max
16:45 No1WeeB200: whats up
16:45 Delvasity : gues who
16:45 Delvasity : using regen are ya
16:46 Delvasity : using regen are ya
16:46 No1WeeB200: using what?
16:46 Delvasity : forcefield also
16:47 No1WeeB200: i mean a little killarua goes a long way
16:47 Delvasity : well it tells me and who am i
16:47 No1WeeB200: ur delvasity
16:47 Delvasity : who is delvasity smart ass lol
16:47 No1WeeB200: harry
16:48 Delvasity : nope
16:48 Delvasity : riley
16:48 No1WeeB200: npoe
16:48 No1WeeB200: mat
16:48 Delvasity : nope riley its my server lol
16:48 No1WeeB200: howd u know i was max then
16:48 Delvasity : matt and harry told me in discord
16:49 No1WeeB200: little sniched
16:49 Delvasity : beat him tomo
16:49 Delvasity : they also told me u where hacking
16:49 Delvasity : dw ill give u admin rank soon
16:50 No1WeeB200: invis hack
16:50 Delvasity : whos a better admin someone who knows cheats or someone who knows right and wrong
16:50 No1WeeB200: umm
16:50 No1WeeB200: knows hacs probally
16:51 Delvasity : found ya
16:51 Delvasity : yeah
16:52 No1WeeB200: so what kind of server is this
16:52 No1WeeB200: factions or anarchy
16:52 Delvasity : this half is survival
16:52 Delvasity : gonna do a pvp section
16:52 No1WeeB200: this half? theirs more?
16:52 No1WeeB200: cool
16:52 Delvasity : will be i made this yesterday
16:53 Delvasity : just use world edit
16:53 No1WeeB200: i dont know how
16:53 Delvasity : do //wand
16:54 No1WeeB200: oh cool
16:54 Delvasity : then left and right click your positions then do //set blockname
16:54 No1WeeB200: ok
16:54 Delvasity : like that
16:55 Delvasity : use axe
16:55 No1WeeB200: says i have to make a reigon
16:55 Delvasity : now do //set oakwood
16:56 No1WeeB200: ooooh i get it now
16:56 Delvasity : left click is position 1 right click is pos 2
16:56 No1WeeB200: boom
16:57 Delvasity : easier
16:57 No1WeeB200: red jive sucks
17:02 R3D_Jive  : wud up
17:02 No1WeeB200: not much snitch
17:02 R3D_Jive  : wdum
17:02 No1WeeB200: how he know i was hacking
17:03 R3D_Jive  : yea so u ain't getting banned
17:03 R3D_Jive  : well u will but he'll unban
17:05 R3D_Jive  : btw he knew anyway
17:05 R3D_Jive  : wanna join a vc
17:05 No1WeeB200: send me another server invite
17:05 R3D_Jive  : done
17:07 No1WeeB200: servers not loading for me
17:07 No1WeeB200: ill be a second
17:07 R3D_Jive  : oof idea
17:14 Delvasity : its getting along good
17:14 No1WeeB200: i dont think so
17:15 Delvasity : no dont kill me
17:16 Delvasity : or bare the wraath of me
17:16 R3D_Jive  : likewise
17:16 Delvasity : likewise
17:22 Delvasity : would u like to continnue
17:22 Delvasity : would u like to continnue
17:24 Delvasity : good try
17:25 R3D_Jive  : how do u have more perms than me
17:25 R3D_Jive  : u sinner
17:26 R3D_Jive  : return it at once
17:26 No1WeeB200: g
17:26 Delvasity : haha who ami i
17:29 R3D_Jive  : i get my perms back
17:29 Delvasity : what
17:29 R3D_Jive  : lost creative
17:30 Delvasity : op no1weeb200
17:30 Delvasity : u may have your perms
17:31 R3D_Jive  : now where even
17:32 R3D_Jive  : i get perms back then
17:32 Delvasity : show me good behavoiur
17:32 R3D_Jive  : Plz UwU
17:32 No1WeeB200: 1v1 for perms back
17:32 Delvasity : a tnt tower doesnt warrent perms
17:33 R3D_Jive  : 1v1
17:33 Delvasity : no
17:33 Delvasity : as there not setup yet
17:33 R3D_Jive  : u mad that i left u with Roba
17:35 Delvasity : who
17:35 Delvasity : idk anyone lol
17:35 R3D_Jive  : wtf
17:35 R3D_Jive  : i get perms now kinda wanna build stuff
17:35 Delvasity : thou show have to prove them selfs
17:35 R3D_Jive  : how so
17:36 R3D_Jive  : well?
17:36 Delvasity : good behavour
17:37 R3D_Jive  : how long
17:37 Delvasity : till i see fit
17:38 R3D_Jive  : can i get out of this hole then
17:38 Delvasity : done
17:40 R3D_Jive  : i kinda need perms now plz
17:41 Delvasity : thanks max was doing perms
17:41 No1WeeB200: np didnt wantu getting stuck in my hole
17:41 Delvasity : haha
17:42 Delvasity : why
17:47 Delvasity : help
17:47 No1WeeB200: what
17:47 Delvasity : admin rank works
17:47 Delvasity : yaya
17:47 Delvasity : there u go
17:48 No1WeeB200: oh ok
17:48 Delvasity : now u admin
17:48 Delvasity : welcome
17:48 No1WeeB200: y
17:48 No1WeeB200: ysf
17:49 R3D_Jive  : ai
17:49 Delvasity : yea kit pvp
17:50 Delvasity : yea
17:51 No1WeeB200: oh
17:51 No1WeeB200: i though u were matt
17:51 Delvasity : it is
17:52 Delvasity : he
17:52 Delvasity : hey
17:54 riley_grist: back
17:54 riley_grist: op me
17:55 riley_grist: max is op
17:55 riley_grist: her
17:55 riley_grist: cheers
17:55 riley_grist: op me
17:55 riley_grist: yea
17:55 riley_grist: or ill do it myself lol
17:56 riley_grist: good
17:56 riley_grist: no re op max
17:56 No1WeeB200 : waht
17:56 No1WeeB200 : oh im admin
17:56 riley_grist: same
17:57 riley_grist: harry u want admin
17:57 riley_grist: ik
17:57 riley_grist: forgot o
17:57 Delvasity  : oof
17:57 riley_grist: no
17:57 Delvasity  : idk, don't see the point of admins atm anyways, I just wanna revamp spawn
17:57 Delvasity  : idm*
17:57 riley_grist: ok
17:57 riley_grist: dont need to type just talk
17:58 riley_grist: spawj
17:58 riley_grist: spawn
18:00 riley_grist: hehe
18:00 riley_grist: deff not purpose
18:00 riley_grist: haha
18:00 riley_grist: matt
18:00 riley_grist: haha
18:00 Delvasity  : lol
18:01 riley_grist: matt
18:01 riley_grist: matt
18:01 R3D_Jive   : yea
18:01 riley_grist: u want admib
18:01 R3D_Jive   : I am
18:01 riley_grist: oh wait u r
18:01 R3D_Jive   : yea
18:01 riley_grist: who isnt admin
18:01 Jivekeyboard: me
18:01 R3D_Jive    : Max
18:01 riley_grist : good
18:01 riley_grist : max is
18:02 No1WeeB200  : yeet
18:02 riley_grist : get more poeples
18:02 riley_grist : due to harrys idea hes co owner
18:02 riley_grist : so ill leave u op
18:03 riley_grist : multi verse addon is needed
18:03 riley_grist : as you can create a custom map
18:03 riley_grist : leave the building but add to it harry
18:04 riley_grist : idk how to delete
18:04 riley_grist : good
18:04 riley_grist : ff/give riley_grist barrier
18:05 riley_grist : dont delete my building
18:05 riley_grist : its /tpa
18:05 riley_grist : its /vanish
18:06 riley_grist : btw do u need more claim blocks
18:06 riley_grist : ur on
18:07 riley_grist : ur on
18:07 riley_grist : ur on
18:07 R3D_Jive    : Oh no
18:07 riley_grist : now dont kill me
18:07 R3D_Jive    : OOOOOOHHHHH NNNNOOOOOOOOO
18:09 riley_grist : yea
18:10 Jivekeyboard: matt wheres my stuff
18:10 riley_grist : shit
18:10 riley_grist : no
18:10 Jivekeyboard: wheres my shit
18:10 R3D_Jive    : u claim this
18:10 riley_grist : hehe
18:11 R3D_Jive    : lol i can squan u shit but we don't talk with terroists
18:11 riley_grist : haha own this house
18:11 riley_grist : hahai own this house
18:11 riley_grist : haha i own this house
18:11 R3D_Jive    : cringe
18:11 R3D_Jive    : took me like 5 seconds to build dk
18:11 riley_grist : 2 min
18:12 R3D_Jive    : oof take it
18:12 riley_grist : nah he can have it
18:12 R3D_Jive    : who
18:12 riley_grist : u can have your hosue back
18:14 R3D_Jive    : u get rid of my admin
18:14 riley_grist : what
18:14 riley_grist : im not watching
18:14 riley_grist : hes never op
18:15 riley_grist : https://dev.bukkit.org/projects/openinv/files/3039430 ignore this
18:15 R3D_Jive    : also can't place stuff
18:15 riley_grist : where
18:16 No1WeeB200  : can i have creative back?
18:16 R3D_Jive    : yea same
18:16 No1WeeB200  : cheers
18:16 riley_grist : restarting
18:16 riley_grist : 5
18:16 riley_grist : 4
18:16 riley_grist : 3
18:16 riley_grist : 2
18:16 riley_grist : 1
18:21 riley_grist: shhhhh
18:22 riley_grist: haha /clearinventory
18:23 riley_grist: max join discord
18:23 riley_grist: call
18:23 riley_grist: deop me
18:23 riley_grist: need to test
18:23 No1WeeB200 : my discord not working
18:23 riley_grist: noooooo
18:23 R3D_Jive   : still can't do shit btw
18:24 riley_grist: no
18:24 riley_grist: srtting perms
18:24 R3D_Jive   : ite
18:24 riley_grist: its //wand
18:24 riley_grist: https://www youtube com/watch?v=BhuJIfzui0s
18:25 riley_grist: watch that
18:25 riley_grist: op for 2 mins
18:25 riley_grist: nah it lagg
18:26 riley_grist: matt
18:26 R3D_Jive   : yea
18:27 riley_grist: stilll cant do crap
18:27 riley_grist: not
18:27 riley_grist: okay
18:27 R3D_Jive   : ye
18:28 riley_grist: try now
18:28 R3D_Jive   : still no
18:28 No1WeeB200 : were in adventure
18:28 riley_grist: my axe
18:28 R3D_Jive   : right here
18:29 riley_grist: my axe
18:30 No1WeeB200 : wtf
18:30 No1WeeB200 : bruh
18:30 riley_grist: undo it now or ban
18:30 riley_grist: hes wprking hrd
18:31 riley_grist: all
18:31 riley_grist: why lagg
18:31 riley_grist: u want vines
18:32 No1WeeB200 : ive done vines already
18:32 riley_grist: oh okay sorrt
18:32 No1WeeB200 : np
18:33 riley_grist: no more world edit
18:33 riley_grist: no more world edit
18:33 No1WeeB200 : brb
18:33 riley_grist: its //undo
18:34 riley_grist: thats better nice sun
18:34 riley_grist: no more rainw
18:35 riley_grist: no more rainw
18:36 riley_grist: oi click the neg warning
18:36 riley_grist: THE ANITINOVK BACK
18:36 riley_grist: red text
18:37 riley_grist: yea click the word antoknockback red text
18:37 riley_grist: gives u stsats
18:39 riley_grist: where
18:39 riley_grist: dont destroy max house
18:39 riley_grist: or deop
18:39 riley_grist: last warning
18:41 riley_grist: staffchat - Activate the Staff Conversation/staffchat [message] - Allows you to send a message to the StaffChat (without [])​/modchat [message] - Allows you to send a message to the ModChat (without [])/adminchat [message] - Allows you to send a message t
18:41 riley_grist: does that llook good
18:41 riley_grist: staff chat
18:41 riley_grist: doesnt exist
18:41 riley_grist: its an idea
18:42 riley_grist: https://www.spigotmc.org/resources/staffchatreloaded-1-12-1-16-2-4-types-of-chat-channel-s.51565/download?version=346843 ignore this
18:43 riley_grist: okay gotta eat in a mi as well
18:44 riley_grist: the staff chat willl be active next reboot
18:44 riley_grist: u gonna build in spawn
18:44 Delvasity  :  placed a sign @ world: x-388, z462
  AYUP LOGANG!!!
  Ja boi Logan Paul
  visited ya crib
18:44 Delvasity  : yeah, will do
18:44 riley_grist: okay just dont destroy my building lol took me ages
18:45 Delvasity  :  placed a sign @ world: x-388, z463
  now you can tell
  people that the
  Logan Paul
18:45 Delvasity  :  placed a sign @ world: x-388, z464
  creamed his
  jeans on your
  couch :D
18:45 Delvasity  : lmfao
18:45 riley_grist: why
18:45 riley_grist: lol
18:45 Delvasity  : y not? :rofl:
18:45 riley_grist: lol
18:45 riley_grist: tniether
18:46 riley_grist: do /lagg killmobs
18:46 riley_grist: 2
18:46 riley_grist: lol
18:46 riley_grist: no chrismas carol
18:46 riley_grist: doornail joke
18:47 riley_grist: oofffff
18:47 riley_grist: nah i did it
18:47 riley_grist: cos i did
18:47 riley_grist: wanna be loner
18:48 riley_grist: dont destroy yhis house
18:48 riley_grist: max
18:48 riley_grist: look at your armour
18:49 riley_grist: open inventory
18:49 riley_grist: no i can open you invenotry
18:49 riley_grist: yea
18:49 riley_grist: yeah he has to beresponsible
18:50 riley_grist: wow
18:50 riley_grist: u vansih
18:51 riley_grist: idc
18:51 riley_grist: and yea
18:51 riley_grist: idk
18:51 riley_grist: no
18:51 riley_grist: they cant
18:51 riley_grist: yea
18:55 riley_grist: back
18:57 riley_grist: goood
18:57 riley_grist: haha
18:57 riley_grist: come here and build now
18:57 riley_grist: lol
18:59 riley_grist: wjere torin go
19:03 riley_grist: where are u
19:07 riley_grist: give @p command_block
19:09 riley_grist: ill be back having dinner
19:14 riley_grist: idk
19:15 riley_grist: lol //wand is what u want
19:16 riley_grist: text
19:16 riley_grist: type
19:16 riley_grist: and what was the question
19:16 riley_grist: barrier blocks
19:16 riley_grist: yeah as long as u u dont hold a block
19:17 riley_grist: barrier block
19:17 riley_grist: if u hold a barrier block u can see them
19:18 riley_grist: harry
19:18 riley_grist: just observing
19:18 riley_grist: okay im the good owner harrys the bad oowner
19:19 riley_grist: that was once
19:19 riley_grist: harry has removed poeples houses
19:19 riley_grist: acaia
19:19 riley_grist: i have one
19:19 riley_grist: i cba
19:20 riley_grist: anyway i prefer typing
19:20 riley_grist: so i can pratice typing
19:20 riley_grist: u in survival
19:20 riley_grist: thats why
19:20 riley_grist: and ergo laptop keybaord
19:21 riley_grist: yeah not on my pc
19:21 riley_grist: yes i am
19:21 riley_grist: why
19:21 riley_grist: lol
19:21 riley_grist: im trying
19:21 riley_grist: i7 2620m gt 630m 8gb ram drr3 and 120gb ssd
19:21 riley_grist: shit
19:22 riley_grist: they are ram is the best
19:22 riley_grist: outta my specs
19:22 riley_grist: my pc is 15 3330 gtx 1050ti 8gb ram
19:23 riley_grist: same as mine
19:24 riley_grist: yes
19:25 riley_grist: what
19:25 riley_grist: yes
19:25 riley_grist: tp me away
19:26 riley_grist: \tpa accept
19:33 riley_grist: back
19:34 Delvasity  : okay
19:34 riley_grist: gotta restart
19:34 Delvasity  : okay
19:34 riley_grist: restarting in
19:35 riley_grist: 5
19:35 riley_grist: 4
19:35 riley_grist: 3
19:35 riley_grist: 2
19:35 riley_grist: 1
19:35 riley_grist: restart
19:39 riley_grist: idk
19:39 riley_grist: harry killed us
19:40 Jivekeyboard placed suspicious WATER_BUCKET @ world: x-510, z339
19:44 riley_grist: no
19:44 riley_grist: wait
19:44 riley_grist: im creatng the ultimate admin gear
19:44 riley_grist: ik
19:45 Delvasity  :  placed a sign @ world: x-496, z338
  fuck u ni99a
19:45 Delvasity  :  placed a sign @ world: x-492, z316
  <- read this
19:45 Delvasity  :  placed a sign @ world: x-493, z316
  <- read the sign
  over there
19:45 Delvasity  :  placed a sign @ world: x-493, z325
  <- keep going
19:45 Delvasity  :  placed a sign @ world: x-492, z338
  -> here
19:48 riley_grist: back
19:50 No1WeeB200 : yo
19:50 riley_grist: hey
19:51 No1WeeB200 : nice spawn
19:52 riley_grist: kits
19:54 No1WeeB200 : can someone put me in survival
19:54 riley_grist: op me
19:54 No1WeeB200 : thanks
19:54 Delvasity  : np
19:55 riley_grist: lol
19:55 riley_grist: op me
19:55 riley_grist: ;ol
19:55 riley_grist: t
19:56 riley_grist: LOL
19:58 riley_grist: oi
19:58 No1WeeB200 :  placed a sign @ world: x-382, z412
  whats up logan 
  paul that makes 
  two of us who
  creamed their
19:58 riley_grist: can u read this
19:58 No1WeeB200 :  placed a sign @ world: x-383, z411
  jeans
19:58 No1WeeB200 :  placed a sign @ world: x-384, z411
  nigga
19:58 riley_grist: who can see this
19:59 Delvasity  : max <3 great poetry
19:59 riley_grist: max do /kit
19:59 riley_grist: choose the admin kit
19:59 riley_grist: choose the admin kit
20:00 riley_grist: thats the ultimate kit
20:00 No1WeeB200 : thanks
20:01 riley_grist: where u
20:02 Delvasity  : lol
20:02 riley_grist: ummm
20:02 riley_grist: he has
20:02 riley_grist: i gave him admin kit
20:03 riley_grist: dont bully him
20:03 Delvasity  : oof
20:03 riley_grist: goos
20:03 riley_grist: good
20:03 riley_grist: STFU
20:03 riley_grist: lol
20:03 riley_grist: keep inventory is
20:03 riley_grist: on
20:15 riley_grist: no
20:15 riley_grist: BUSY
20:16 riley_grist: check enchant
20:16 riley_grist: it has
20:17 riley_grist: always did
20:17 riley_grist: thats the best for 1.12.2
20:17 riley_grist: i am
20:17 riley_grist: im on 1.12.2
20:22 riley_grist: bacl
20:22 riley_grist: back
20:22 riley_grist: where harr
20:23 riley_grist: who peacaa
20:23 Peacaa     : hello
20:23 Peacaa     : is this a survival server?
20:23 riley_grist: prob
20:23 riley_grist: yeah]
20:23 Peacaa     : found it online
20:23 riley_grist: how
20:23 riley_grist: where
20:23 Peacaa     : i found it on some sketch mc server website
20:24 riley_grist: whats it called
20:24 riley_grist: cant perm him when u outta game
20:24 Peacaa     : damn, idk
20:24 R3D_Jive   : hows it goin lea
20:24 R3D_Jive   : *leo
20:24 Peacaa     : hello r3d
20:24 No1WeeB200 : hi peacaa
20:24 No1WeeB200 : weird name
20:25 Peacaa     : hello no1
20:25 Peacaa     : well, its old
20:25 Peacaa     : like you
20:25 No1WeeB200 : the no1 stands for no1 asked
20:26 Peacaa     : hello
20:26 Peacaa     : hello rileys
20:26 riley_grist: tell him to join
20:26 riley_grist: matt
20:27 Peacaa     : what
20:27 Peacaa     : hello jivekeyboard
20:28 Peacaa     : umm, hello
20:28 riley_grist: done
20:28 riley_grist: i gave u perms
20:28 riley_grist: okay ill wipe u from the server
20:29 riley_grist: no a fix
20:29 R3D_Jive   : u can i do stuff or not
20:29 Peacaa     : what is happenng
20:30 No1WeeB200 : im back
20:30 Peacaa     : hello back
20:30 No1WeeB200 : i hate u
20:30 Peacaa     : bit rude
20:30 R3D_Jive   : I'm dead inside
20:30 Jivekeyboard: sidebar
20:30 Peacaa      : cool
20:30 No1WeeB200  : pogg
20:31 No1WeeB200  : can we get some pog champs in the chat
20:31 riley_grist : next rebbot matt u should be fine
20:31 riley_grist : not yet
20:31 Peacaa      : who tf is matt
20:31 riley_grist : cba
20:31 riley_grist : asian
20:31 No1WeeB200  : im matt
20:32 R3D_Jive    : I'm max
20:32 riley_grist : asain
20:32 riley_grist : im harry
20:32 Peacaa      : no1weeb
20:32 Peacaa      : are you matt
20:32 No1WeeB200  : yea
20:32 Peacaa      : bit of a gay name
20:32 No1WeeB200  : i sure am
20:32 No1WeeB200  : ikr
20:33 R3D_Jive    : yea I'm max btw
20:33 riley_grist : lol
20:33 riley_grist : im harry
20:33 Peacaa      : i heard that people named matt get erectile dysfunctions at 24
20:33 riley_grist : to who
20:33 No1WeeB200  : lmao
20:33 Jivekeyboard: i heard it was 21
20:33 R3D_Jive    : heard max's get it at 15
20:33 Peacaa      : so gl with that
20:33 Peacaa      : who tf is max
20:34 Jivekeyboard: and hads disgusting amounts of cp on 1tb hdd
20:34 No1WeeB200  : him
20:34 R3D_Jive    : me
20:34 riley_grist : rejoin matt
20:34 No1WeeB200  : self burn
20:34 Peacaa      : club penguin?
20:34 R3D_Jive    : hell yea
20:35 riley_grist : thereu go
20:35 riley_grist : what
20:35 riley_grist : haha
20:35 riley_grist : 9
20:35 riley_grist : haha
20:35 riley_grist : haha
20:35 riley_grist : yr9
20:36 No1WeeB200  : i love yr9s
20:36 riley_grist : have u rejoined
20:36 No1WeeB200  : s does red jive
20:36 riley_grist : matt
20:36 R3D_Jive    : I max warrington love boning yr 9's
20:36 No1WeeB200  : me too bonings the best
20:37 Peacaa      : oi
20:37 Peacaa      : wtf
20:38 No1WeeB200  : whats going on
20:38 Peacaa      : man, this server is pretty shite
20:38 riley_grist : build
20:38 R3D_Jive    : ye
20:38 No1WeeB200  : u just buyllying the new guy
20:38 riley_grist : its survival
20:38 R3D_Jive    : u can't
20:39 Peacaa      : hello
20:39 Peacaa      : why cant i hit you
20:39 riley_grist : gold shovel
20:40 riley_grist : any gold shovel
20:40 riley_grist : matt where are u
20:40 riley_grist : told y
20:40 riley_grist : told ya
20:40 Peacaa      : yo this server sucks big fat smelly donkey balls
20:41 R3D_Jive    : oof
20:41 riley_grist : i /ban peacaa 100000
20:41 No1WeeB200  : can someone tp me
20:42 riley_grist : ok
20:42 riley_grist : done
20:43 R3D_Jive    : hey
20:43 riley_grist : what house
20:43 riley_grist : maxxxxxxxxx
20:43 No1WeeB200  : yea
20:43 riley_grist : where u at
20:44 No1WeeB200  : spawn
20:44 riley_grist : no max doing /kill
20:44 No1WeeB200  : no im not
20:44 No1WeeB200  : i dont have op
20:45 riley_grist : says u r
20:45 riley_grist : pvp
20:49 riley_grist : tnt
20:51 No1WeeB200  : can i have perms
20:51 riley_grist : u do
20:51 No1WeeB200  : i mean good perms
20:51 riley_grist : try now
20:51 No1WeeB200  : k
20:52 No1WeeB200  : nope
20:52 riley_grist : matt try now
20:52 riley_grist : yea
20:52 No1WeeB200  : d
20:53 riley_grist : thats the best for 1.12.2
20:54 riley_grist : look at ur hrad
20:57 riley_grist : What u building
20:57 No1WeeB200  : aww
20:57 riley_grist : goodtry
20:59 riley_grist : max wuut
21:01 No1WeeB200 placed suspicious WATER_BUCKET @ world: x-508, z341
21:02 No1WeeB200 placed suspicious WATER_BUCKET @ world: x-490, z339
21:03 No1WeeB200 placed suspicious WATER_BUCKET @ world: x-512, z338
21:03 No1WeeB200 placed suspicious WATER_BUCKET @ world: x-513, z337
21:03 No1WeeB200 placed suspicious WATER_BUCKET @ world: x-512, z336
21:03 riley_grist : u doing mlg watrer
21:04 No1WeeB200 placed suspicious WATER_BUCKET @ world: x-477, z334
21:05 No1WeeB200  : great server
21:05 riley_grist : build
21:06 riley_grist : matt
