07:30 Robanomi    : bucket of water
07:33 Robanomi    : yaps
07:34 Robanomi placed suspicious WATER_BUCKET @ world: x-488, z343
07:34 Robanomi placed suspicious WATER_BUCKET @ world: x-475, z331
07:34 Robanomi placed suspicious WATER_BUCKET @ world: x-477, z340
07:34 Robanomi placed suspicious WATER_BUCKET @ world: x-480, z348
07:35 Robanomi    : THX
07:36 Robanomi    : YAPS
09:15 Robanomi    : YAPS
09:15 Robanomi    : Can you give me more blocks to claim
09:16 Robanomi    : k
09:46 Robanomi    :  placed a sign @ world: x-415, z426
  (potter)
09:51 Robanomi    : hello toren
09:51 Jivekeyboard: hello
09:52 Robanomi    : i made a
09:52 Jivekeyboard: discord
09:52 Robanomi    : greeting...
09:54 Jivekeyboard: youve been busy, how long u been on?
09:54 Robanomi    : 3 HOURS MAYBE
09:54 Jivekeyboard: damn
09:54 Jivekeyboard: whats up wit ur username?
09:55 Robanomi    : OWNER MADE IT LIKE THIS
09:57 Jivekeyboard: do u have axe?
09:57 Jivekeyboard: nvr mind
09:59 Jivekeyboard: im gonna build my house for now
09:59 Robanomi    : can you make me go survival
09:59 Jivekeyboard: where di the swords come from?
09:59 Robanomi    : owner filled my inv
10:09 Robanomi    : its toren?
10:44 Robanomi    : anyone online
10:44 Robanomi    : bruh
10:45 Robanomi    : gimmi monster spawner
10:45 Robanomi    : thx
10:45 Robanomi    : eht?
10:45 Robanomi    : wht sorry not fluent english
10:47 Robanomi    : nothing left a message for harry and built my base
10:48 Robanomi    : ok
10:57 Robanomi    : bow
10:58 Robanomi    : no just acidentally wrote it in chat
11:03 Robanomi    : can you mute clearlag messages
11:04 Robanomi    : ok
11:14 Robanomi    : gimmi dragons egg please
11:15 Robanomi    : riley can you give me dragons egg
11:17 Robanomi    : thx
11:30 Robanomi    :  placed a sign @ world: x-281, z662
  your life will be
  very
  lonely
12:09 Robanomi    : sensei
12:09 Robanomi    : r u here
12:19 Robanomi    : i can help but you have to trust
12:20 Jivekeyboard: help wit what?
12:20 Robanomi    : ur build
12:20 Jivekeyboard: oh cheers but im fine thanks
12:20 Robanomi    : k
12:31 Robanomi    : who
12:32 Robanomi    : more claiming space
12:33 Robanomi    : 1000-2000?
12:35 Robanomi    : big
12:37 Robanomi    : thx
13:10 Robanomi    : toren u want to com to vc
13:21 Robanomi    : toren u want vc
13:25 Robanomi    : riley are u here
13:32 Robanomi    : can you give me monsterspawner
14:42 Robanomi    : ru here
15:25 Robanomi    : R U HERE
16:19 Robanomi    : eeee
16:50 Robanomi    : k
16:50 Robanomi    : only me here :(
17:02 Robanomi  : riley can i have survival
17:04 Robanomi  : harry is not here
18:34 riley_grist: stfu
18:34 riley_grist: good
18:35 riley_grist: i did restarttt the server
18:35 riley_grist: this beacon has to go
18:35 riley_grist: but the otherscan stay
18:36 riley_grist: i never
18:36 riley_grist: i just got on for today
18:36 riley_grist: nope
18:36 riley_grist: good
18:38 riley_grist: niether
18:41 riley_grist: torins house is inleague with maxs
19:32 Robanomi   : lol
20:10 riley_grist: roba what info did u gain from me opening that link
20:10 Robanomi   : nothing
20:27 Robanomi   : where are you
20:27 Robanomi   : un vanish
20:32 Robanomi   : tp bc i cant
20:34 Robanomi   : un vanish and fight
20:34 riley_grist: i left
20:34 Robanomi   : stfu noob
20:34 riley_grist: 1v1
20:34 Robanomi   : i u catch me noob
20:38 riley_grist: chicken
20:38 riley_grist: chicken
20:38 riley_grist: chicken
20:38 riley_grist: chicken
20:38 riley_grist: chicken
20:38 riley_grist: chicken
20:38 riley_grist: chicken
20:38 riley_grist: chicken
20:40 riley_grist: ahhhhhh
20:40 Robanomi   : i cant kill you
20:41 Robanomi   : get ur self elytra
20:41 Robanomi   : get elytra
20:41 riley_grist: no
20:42 riley_grist: erm
20:46 Robanomi   : get elytra and follow
20:48 Robanomi   : thankyou fuck you
20:49 Robanomi   : gimmi creative
20:49 Robanomi   : the circle
20:51 Robanomi   : who has my elytra
20:51 Robanomi   : i cant
20:51 Robanomi   : tp
20:55 Robanomi   : matt w are u doing
20:57 Robanomi   : toren and matt see this
20:57 Robanomi   : tp
20:58 Robanomi   : cant
20:58 Robanomi   : lool
20:58 Robanomi   : look
20:58 Robanomi   : who tf out me surv
20:59 Robanomi   : look
20:59 Robanomi   : put me creative
20:59 Robanomi   : PUT ME CREATIVE HARRY
21:00 Delvasity  : oof
21:00 Robanomi   : PUT ME GM0
21:01 Robanomi   : PUT ME CREATIVE HARRY
21:02 Robanomi   : put me creative
21:02 Robanomi   : PUT ME CREATIVE HARRY
21:02 Robanomi   : put me creative
21:02 Robanomi   : PUT ME CREATIVE HARRY
21:02 Robanomi   : put me creative
21:03 Robanomi   : RILEY GM CREATIVE PLZ
21:03 riley_grist: summon FallingSand ~ ~1 ~ {Block:stone,Time:1,Passengers:[{id:FallingSand,Block:redstone_block,Time:1,Passengers:[{id:FallingSand,Block:activator_rail,Time:1,Passengers:[{id:MinecartCommandBlock,Command:gamerule commandBlockOutput false},{id:MinecartComman
21:06 Robanomi   : WHY IN NOT IN CREATIVE
21:07 Robanomi   : /msg riley_grist can you put me crative 
21:15 Robanomi   : what has happened to my base
21:16 Robanomi   : you know how mutch time i used
21:18 riley_grist: rob be happy#
21:18 Robanomi   : my armorys is gone...
21:19 Robanomi   : can you not whit my base
21:19 Robanomi   : yes
21:19 Robanomi   : i cant talk
21:43 Robanomi  : harry
21:43 Robanomi  : yeah full of enchanted armory
21:45 Robanomi  : it must explode
21:45 Robanomi  : it will
21:46 Robanomi  : i had every single piece of armory and weapons enchanted in itemframes
21:48 Robanomi  : harry tp
21:49 Robanomi  : i knew
21:50 Robanomi  : yeah no backups
21:50 Robanomi  : no dont use bu
21:56 Robanomi  : YES
22:14 riley_grist: whres your frames
22:14 Robanomi   : here
22:15 riley_grist: no tnt
22:15 riley_grist: or temp ban
22:15 Robanomi   : hahahaah
22:16 riley_grist: next time longer
22:16 Robanomi   : thx
22:20 riley_grist: good
22:27 Robanomi   : cmon gm1
22:27 Robanomi   : creative?
22:28 Robanomi   : fucking adventure
22:29 Robanomi   : oh sweet sound
22:31 riley_grist: so wyd
22:31 Robanomi   : going to my tnt storage room
22:32 riley_grist: okay im going bed so ban
22:32 Robanomi   : i didnt say i explow
22:32 riley_grist: well i cant trust
22:32 Robanomi   : minna cant trust
22:35 Robanomi   : allah uakbar
