00:33 Robanomi   :  placed a sign @ world: x-498, z578
  Hope you like it
  -Roba
10:34 Robanomi  : ignore claims
10:35 Robanomi  : morning not clue how to write command :D
10:35 Robanomi  : ./ ignore claims
10:36 Robanomi  : yeah but i forgot to put the slash and i was laik wtf
10:36 Robanomi  : like
10:37 Robanomi  : maybe nob hotel
10:38 Robanomi  : finish hoten nob
10:55 Robanomi  :  placed a sign @ world: x-595, z362
  /shop for shop
10:56 Robanomi  :  placed a sign @ world: x-595, z362
  /warp shop
  To go to
  Official Shop
10:56 Robanomi  :  placed a sign @ world: x-596, z362
  /warp PvP
  To warp to
  PvP arena
10:57 Robanomi  :  placed a sign @ world: x-602, z362
  Warnings
10:57 Robanomi  :  placed a sign @ world: x-603, z362
  You will be
  Given 3 warnings
  If you break
  the Rules
10:57 Robanomi  :  placed a sign @ world: x-604, z362
  / Rules to see
  the rules
10:58 Robanomi  :  placed a sign @ world: x-605, z362
  1. Warning will be
  Verbal
10:59 Robanomi  :  placed a sign @ world: x-606, z362
  2. Warning Will be
  Verbal + you
  might lose your
  stuff
10:59 Robanomi  :  placed a sign @ world: x-607, z362
  3. and last
  Warning
  You will see the 
  jail
11:00 Robanomi  :  placed a sign @ world: x-608, z362
  For 24h-1Month
  So behave!
11:24 Robanomi  :  placed a sign @ world_nether: x58, z-944
  So there is
  indeed monsters
11:24 Robanomi  :  placed a sign @ world_nether: x58, z-944
  So there is
  indeed monsters
12:11 R3D_Jive  : UUUH
12:13 Robanomi  : u want to com vc
12:13 Jivekeyboard: i will later
12:13 Jivekeyboard: for hotel
12:13 Robanomi    : ok you can stay 1 night
12:13 Jivekeyboard: ta
12:15 Robanomi    : follow for master suite
12:15 Robanomi    : welccome
12:15 Jivekeyboard: riley has perm, nice room tho
12:18 Robanomi    :  placed a sign @ world: x-590, z368
  if you breake the
  room(s) you will 
  face jail
13:19 riley_grist:  placed a sign @ shop: x-555, z339
  Official Shop
  64
  B 31.8 : 4.32 S
  Andersite
13:21 riley_grist:  placed a sign @ shop: x-555, z339
  64
  B 32.8 : 4.29 S
  andesite
13:21 riley_grist:  placed a sign @ shop: x-555, z339
  Official Shop
  64
  B 31.8 : 4.29 S
  Andesite
13:23 riley_grist:  placed a sign @ shop: x-555, z340
  O
13:23 riley_grist:  placed a sign @ shop: x-555, z340
  Official Shop
  64
  B 31.8 : 4.29 S
  GRAnite
13:24 riley_grist:  placed a sign @ shop: x-555, z333
  Official Shop
  64
  B 32 : 4.29 S 
  moss stone
13:25 riley_grist:  placed a sign @ shop: x-555, z333
  Official Shop
  64
  B 32 : 4.29 S
  Mossycobbleston
13:26 riley_grist:  placed a sign @ shop: x-555, z333
  Mossycobbleston
13:27 riley_grist:  placed a sign @ shop: x-555, z333
  Official Shop
  64
  B 32 : 4.29 S
  Mossycobbleston
13:33 riley_grist:  placed a sign @ shop: x-540, z320
  Official Shop 
  1
  B 10000 : 5000 S
  MUSIC DISC WARD
13:36 riley_grist: 1,855.36
13:36 riley_grist: 250.47
13:38 Robanomi   :  placed a sign @ shop: x-533, z352
  Official Shop
  1
  B 28.99 : 3.19 S
  Iron ingot
13:39 Robanomi   :  placed a sign @ shop: x-533, z352
  Official Shop
  1
  B 30 : 4.05 S
  iron ingot
13:40 Robanomi   :  placed a sign @ shop: x-534, z352
  Official Shop
  1
  B 50 : 6.75 S
  Gold Ingot
13:41 Robanomi   :  placed a sign @ shop: x-535, z352
  Official Shop
  1
  B 5 : 0.68
  lapis lazuri
13:41 Robanomi   :  placed a sign @ shop: x-535, z352
  Official Shop
13:41 riley_grist: lapis lazuli
13:42 Robanomi   :  placed a sign @ shop: x-535, z352
  Official Shop
  1
  B 5 : 0.68 S
  lapis lazuli
13:42 Robanomi   :  placed a sign @ shop: x-535, z352
  Official Shop
  1 
  B 5 :  0.68 S
  lapis lazuli
13:43 Robanomi   : lool
13:44 Robanomi   :  placed a sign @ shop: x-535, z352
  Official Shop
  1
  B 5 : 0.68 S
  Lapis Lazuli
13:45 Robanomi   :  placed a sign @ shop: x-536, z352
  Official Shop
  1
  B 11.03 : 1.49
  Redstone Block
13:46 Robanomi   :  placed a sign @ shop: x-537, z352
  Official Shop
  1
  B 175 : 100.03
  diamond
13:47 Robanomi   :  placed a sign @ shop: x-538, z352
  Official Shop
  1
  B 375 : 150.63
13:48 Robanomi   :  placed a sign @ shop: x-538, z352
  Official Shop
  1
  B 375 : 120 S
  emerald
13:48 Robanomi   :  placed a sign @ shop: x-539, z352
  Official Shop
  1
  B500 : 375 S
  netherite
13:49 Robanomi   :  placed a sign @ shop: x-539, z352
  Official Shop
  1
  B 531 : 270 S
  Netherite ingot
13:53 Robanomi   :  placed a sign @ shop: x-541, z351
  Official Shop
  1
  B 950 : 200 S
  Trident
13:55 Robanomi   :  placed a sign @ shop: x-542, z351
  Official Shop
  1
  B 10000 : 2000 S
  Totem of undying
13:56 Robanomi   :  placed a sign @ shop: x-543, z351
  Official Shop
  1
  B 50000 : 40000 S
  elytra
14:10 riley_grist placed suspicious WATER_BUCKET @ shop: x-542, z334
14:10 riley_grist placed suspicious WATER_BUCKET @ shop: x-542, z334
14:10 riley_grist placed suspicious WATER_BUCKET @ shop: x-542, z334
14:10 riley_grist placed suspicious WATER_BUCKET @ shop: x-542, z336
14:26 riley_grist: wtf
14:35 Robanomi   : undo
15:10 Robanomi   : wht u think
15:11 Robanomi   : plz undo
15:43 No1WeeB200 : yo
15:45 No1WeeB200 : hows it goping
15:46 No1WeeB200 : wtf are these custom ores
15:46 No1WeeB200 : kelp?
15:49 No1WeeB200 : is someone following me or am i just blind af
15:50 No1WeeB200 : bruh have i walked over 5 diamonds
15:51 No1WeeB200 : bruh
15:51 No1WeeB200 : im at y 26
15:51 No1WeeB200 : no
15:51 No1WeeB200 : didnt know their was a shop
15:53 No1WeeB200 : wait what
15:53 No1WeeB200 : how much money do i have
15:55 No1WeeB200 : no
16:00 No1WeeB200 : ℹwhat happend to my armour
16:02 No1WeeB200 : thats not a command
16:03 No1WeeB200 : so can i get my armour back
16:07 Robanomi   : wtfuck u doing in my haouse
16:08 Robanomi   :  placed a sign @ world_nether: x-297, z-955
  dont come to 
  my house ever
  again
16:08 No1WeeB200 : why is their a railway from ur house to mi9ne
16:09 No1WeeB200 : remove the railway then
16:09 Robanomi   :  placed a sign @ world_nether: x-297, z-954
  its not dont mine
  there
16:09 No1WeeB200 : i didnt make it
16:09 Robanomi   :  placed a sign @ world_nether: x-299, z-954
  nah
16:09 No1WeeB200 : ur dumb lamo
16:09 Robanomi   :  placed a sign @ world_nether: x-299, z-954
  i will not
16:10 Robanomi   : have fun then jailed
16:12 Robanomi   :  placed a sign @ world: x-388, z464
  never come to my
  house or touch
  my railway
16:12 Robanomi   :  placed a sign @ world: x-388, z465
  i will ban you 
  if I have to
16:12 No1WeeB200 : its my railway idot
16:14 No1WeeB200 : why are u trying to troll me
16:15 Robanomi   :  placed a sign @ PvP: x-371, z79
  your mission
  is to fight
  you lose when
  you die
16:16 No1WeeB200 : can u stop teleporting me
16:18 No1WeeB200 : cool fighting a creative player
16:18 No1WeeB200 : really fun server
16:21 No1WeeB200 : imagion cheating and nbot being able to kill someone
16:21 No1WeeB200 : shit server
16:49 Robanomi   : ur welcome
16:49 Robanomi   : noweeb check inv
16:49 No1WeeB200 : what are u talking about
16:49 Robanomi   : i gave u some diamonds
16:50 No1WeeB200 : i dont ned diamond
16:50 Robanomi   : not then
16:50 Robanomi   : wht u need
16:51 Robanomi   : gave u wood
16:52 No1WeeB200 : cool thanks
16:53 Robanomi   : make it as tall as you wish at won point
16:53 Robanomi   : one*
17:00 Robanomi   : you should consider claimig that area
17:01 Robanomi   : #noweeb should claim his space
17:01 Robanomi   : /msg * can u see this 
17:01 No1WeeB200 : YH
17:04 Robanomi   : /msg * i sent msg to mslf 
17:04 No1WeeB200 : umm ok
17:05 Robanomi   : /msg * i will say when i sent this private msg to you >>> tobrod 
17:05 No1WeeB200 : english?
17:05 Robanomi   : nithing
17:13 Robanomi   : /describe No1WeeB200 
17:13 No1WeeB200 : yeah?
17:14 Robanomi   : who made u admin
17:14 No1WeeB200 : reily
17:14 No1WeeB200 : y
17:28 riley_grist: im back
17:29 riley_grist: hey
17:29 riley_grist: can u see this
17:29 riley_grist: lol
17:29 No1WeeB200 : hyper of the sniper
17:30 riley_grist: who are you
17:30 No1WeeB200 : the one and only
17:30 HyperoftheSnxper: hi
17:30 riley_grist     : whp
17:30 riley_grist     : who
17:30 No1WeeB200      : a friend of mine
17:30 riley_grist     : yeah who lol
17:30 No1WeeB200      : his name is mike
17:30 riley_grist     : miike myers
17:30 HyperoftheSnxper: no it isnt
17:30 riley_grist     : languge
17:31 riley_grist     : still
17:31 No1WeeB200      : i asked him to join
17:31 riley_grist     : snipe do /kits
17:32 HyperoftheSnxper: some person gave me this ip on line
17:32 riley_grist     : josh
17:32 riley_grist     : ginger joshw
17:32 HyperoftheSnxper: whos
17:32 HyperoftheSnxper: ginger
17:32 riley_grist     : josh jenson
17:32 HyperoftheSnxper: who is that
17:33 riley_grist     : josh jenson
17:33 HyperoftheSnxper: thats not my name
17:33 riley_grist     : ok
17:33 HyperoftheSnxper: who is josh jensopn
17:33 No1WeeB200      : thats mike he lives near me
17:33 riley_grist     : lol
17:34 riley_grist     : okay gotta sort out new ranks
17:34 riley_grist     : discord
17:35 HyperoftheSnxper: do you have discord
17:36 HyperoftheSnxper: whats your discord
17:37 HyperoftheSnxper: hey rily
17:37 HyperoftheSnxper: do you have discord
17:37 HyperoftheSnxper: hey
17:38 No1WeeB200      : mike what are u doing now
17:38 HyperoftheSnxper: hey you
17:38 HyperoftheSnxper: oi
17:38 HyperoftheSnxper: do you have the discord
17:39 HyperoftheSnxper: slash exray
17:39 HyperoftheSnxper: oops
17:39 HyperoftheSnxper: ./xray people's clothers off
17:45 R3D_Jive        : Coward
17:46 R3D_Jive        : u on creative
17:47 No1WeeB200      : /msg R3D_Jive op me 
17:47 R3D_Jive        : Only riley and Harry can
17:47 HyperoftheSnxper: qui est mat
17:47 RedemptionLxon  : hi
17:48 R3D_Jive        : me allmo Matt
17:49 HyperoftheSnxper: comment est le temps en terre stupide?
17:49 R3D_Jive        : Pog
17:49 HyperoftheSnxper: jouez-vous dorkknife?
17:50 R3D_Jive        : google translate is handy huh
17:50 No1WeeB200      : mike is spanish
17:50 HyperoftheSnxper: qu'est-ce que Google traduit
17:50 HyperoftheSnxper: am france
17:50 No1WeeB200      : i mean french
17:51 R3D_Jive        : Mate dk enjoy trolling
17:51 R3D_Jive        : also a jails made but riley hasn't sorted that stuff out
17:52 Jivekeyboard    : riley discord pls
17:52 riley_grist     : whats going on
17:52 No1WeeB200      : ik ive been theirt a hundred times
17:55 HyperoftheSnxper: secs anyone?
17:56 No1WeeB200      : /msg HyperoftheSnxper lmao 
18:01 No1WeeB200      : /msg HyperoftheSnxper wheres your base 
18:01 HyperoftheSnxper: i dont have 1
18:02 No1WeeB200      : matt are u coming in tommorow
18:02 HyperoftheSnxper: who is mat
18:09 No1WeeB200      : /msg HyperoftheSnxper hes not leaving 
18:09 riley_grist     : /MSG no1 wdym 
18:09 riley_grist     : /MSG no1 hes not leaving 
18:09 riley_grist     : /MSG no1 hes not leaving 
18:09 No1WeeB200      : /msg HyperoftheSnxper the discord call he wont leave it 
18:10 riley_grist     : /MSG ok 
18:10 riley_grist     : /MSG no 1ok 
18:11 riley_grist     : hey
18:11 No1WeeB200      : what
18:12 No1WeeB200      : hey
18:12 Robanomi        : /msg HyperoftheSnxper ur welcome 
18:12 riley_grist     : just checking the server
18:12 Jivekeyboard    : riley tp to me
18:14 riley_grist     : hi
18:14 HyperoftheSnxper: ja
18:14 riley_grist     : rob no
18:15 riley_grist     : go eat
18:15 HyperoftheSnxper: who rob no
18:15 No1WeeB200      : whos rob
18:15 Robanomi        : /msg HyperoftheSnxper what 
18:15 HyperoftheSnxper: hi no
18:15 No1WeeB200      : hi
18:15 riley_grist     : Rob behave
18:16 No1WeeB200      : who tf is rob
18:16 Robanomi        : yea?
18:16 riley_grist     : torin
18:17 Robanomi        : what do you need
18:17 HyperoftheSnxper: u leave
18:25 No1WeeB200      : hey
18:25 riley_grist     : just looking
18:26 Robanomi        : u find many diamonds snipe
18:27 HyperoftheSnxper: WHERE ARE MY DIAMONDS
18:27 HyperoftheSnxper: i spent 2 hours getting those
18:28 HyperoftheSnxper: why nme
18:28 HyperoftheSnxper: i hasnt done thing wriong
18:29 No1WeeB200      : hey rob
18:29 No1WeeB200      : can u come here
18:29 Robanomi        : ok
18:29 No1WeeB200      : ok
18:29 Robanomi        : yea
18:30 Robanomi        : wht
18:30 No1WeeB200      : so can u move move riely so hes sitting down
18:30 No1WeeB200      : cool thanks
18:33 Robanomi        : at first he left 2 diamonds behind
18:35 HyperoftheSnxper: where is the base
18:35 Robanomi        : base u mean spawn?
18:35 HyperoftheSnxper: where spawn
18:35 riley_grist     : its /spwan
18:35 riley_grist     : its /spawn
18:35 HyperoftheSnxper: i cant spawn gpo to
18:36 riley_grist     : do /warp spawn
18:37 riley_grist     : do /warp spawn
18:37 Robanomi        : ./ warp shop
18:37 HyperoftheSnxper: sorry i broke sign
18:37 riley_grist     : t
18:38 HyperoftheSnxper: why do lag so much
18:38 riley_grist     : servers dieing
18:39 HyperoftheSnxper: why cannot use flint and steel
18:41 Robanomi        : nice speed
18:41 riley_grist     : as i have restricted it due to rob
18:42 Robanomi        : mee too
18:42 Robanomi        : /msg riley_grist can i give him 1. warbibg for supicios behaviour 
18:43 riley_grist     : /r place some diamonds arround him and see what he does 
18:44 riley_grist     : /r where u at 
18:44 Robanomi        : /msg riley_grist above him 
18:44 riley_grist     : /r where u at 
18:44 Robanomi        : /msg HyperoftheSnxper you will receive a first warning about suspicious behavior 
18:45 riley_grist     : /r im in u 
18:45 HyperoftheSnxper: reason?
18:45 Robanomi        : /msg HyperoftheSnxper suspicious behavior 
18:45 HyperoftheSnxper: how susposhous
18:46 Robanomi        : /msg HyperoftheSnxper speed that acording to server doesent efect from lag 
18:46 Robanomi        : /msg HyperoftheSnxper 2 stacs of diamond in one hour 
18:46 Robanomi        : /msg HyperoftheSnxper you left diamonds 
18:46 HyperoftheSnxper: YOUGAVE ME 63
18:46 Robanomi        : /msg HyperoftheSnxper i didnt 
18:47 Robanomi        : /msg HyperoftheSnxper this is first warning 
18:47 HyperoftheSnxper: but i have nothing wring
18:49 HyperoftheSnxper: hey noweeb
18:49 HyperoftheSnxper: hey
18:50 riley_grist     : /r gm3 
18:50 riley_grist     : /r gm3 
18:51 Robanomi        : /msg riley_grist what u think 
18:52 riley_grist     : /r hes fine rn 
18:52 riley_grist     : /r hes fine rn 
18:52 Robanomi        : /msg riley_grist he tekeported 
18:52 Robanomi        : /msg riley_grist he teleported or used speed sec ago 
18:52 Robanomi        : /msg riley_grist he teleported or used speed sec ago 
18:53 riley_grist     : /r cant tell till it stops lagging 
18:53 Robanomi        : if you can drop item it isnt lag
18:54 HyperoftheSnxper: hi
18:54 No1WeeB200      : hey wass up
18:54 riley_grist     : /r ik just wait 
18:54 HyperoftheSnxper: dick
18:54 HyperoftheSnxper: hello
18:54 riley_grist     : no swaring
18:54 No1WeeB200      : no swaring
18:54 HyperoftheSnxper: chill
18:54 HyperoftheSnxper: yes'
18:55 HyperoftheSnxper: i have diamonds
18:55 HyperoftheSnxper: a admin gave me them
18:55 HyperoftheSnxper: u there?
18:55 Robanomi        : /msg riley_grist did u give him diamonds 
18:55 No1WeeB200      : hello
18:55 riley_grist     : /r no 
18:55 Robanomi        : /msg riley_grist me neither 
18:56 Robanomi        : /msg riley_grist did u ban him? 
18:57 No1WeeB200      : what happend to my admin
18:57 Robanomi        : perm sort is going on
18:57 riley_grist     : /r whats going on 
18:57 No1WeeB200      : perm sort?
18:57 Robanomi        : im doing the perms rn
18:58 No1WeeB200      : ok can u spawn me in some sea lanterns then?
18:59 No1WeeB200      : thanks
19:06 HyperoftheSnxper: am back
19:15 riley_grist     : what did u need ealieer torin
19:18 HyperoftheSnxper: a mod just gave me netherite
19:18 riley_grist     : welocme jink
19:18 Jinkedin3       : ty
19:20 riley_grist     : lol
19:22 Robanomi        : i would like to know where u get thet netherite armour from
19:22 HyperoftheSnxper: i was given by admin
19:22 HyperoftheSnxper: stop follow
19:22 HyperoftheSnxper: weirdo
19:23 Robanomi        : no staff gave you netherite armour
19:23 HyperoftheSnxper: by a staff
19:23 HyperoftheSnxper: why
19:24 HyperoftheSnxper: i have done nothing wrong
19:24 HyperoftheSnxper: this server is poorly managed
19:24 Robanomi        : who staff
19:24 HyperoftheSnxper: i have done nothing wrong
19:24 Robanomi        : which one
19:24 HyperoftheSnxper: he was invis
19:24 HyperoftheSnxper: dropped it on me
19:24 HyperoftheSnxper: someone did the same with diamonds
19:24 Robanomi        : riley?
19:24 HyperoftheSnxper: i think im being followed
19:24 HyperoftheSnxper: i didnt see their name
19:25 HyperoftheSnxper: please let me free
19:25 Robanomi        : no vanished staff have given it to you
19:25 HyperoftheSnxper: there was i swear
19:25 HyperoftheSnxper: i cant show you but yoiu have to believe me
19:25 Robanomi        : i am talking rn whit them
19:25 HyperoftheSnxper: i have done noithing wriong
19:25 HyperoftheSnxper: there was invis man
19:25 HyperoftheSnxper: maybe not staff
19:26 HyperoftheSnxper: he gave me items
19:26 Robanomi        : i am suspicious about where u got that from
19:26 HyperoftheSnxper: i threw the diamonds away when he gave them to me but he never picked them back up
19:26 Robanomi        : cause no staff gave it to you
19:26 HyperoftheSnxper: os i took them
19:26 HyperoftheSnxper: i have done nothing wrong
19:26 HyperoftheSnxper: i dont know who gave them to me
19:26 HyperoftheSnxper: please free me
19:27 Robanomi        : i dont care about diamonds i care about thath armour
19:27 HyperoftheSnxper: someone dropped a box on my
19:27 riley_grist     : both stop
19:27 HyperoftheSnxper: and i heard footsteps
19:27 HyperoftheSnxper: and they didnt respond
19:27 riley_grist     : rob stop being power hungry
19:27 HyperoftheSnxper: i dont see why i am being punished for something i didnt do
19:27 HyperoftheSnxper: i am trying to cooperate
19:27 Robanomi        : riley did you give netherite armour to snipux
19:28 HyperoftheSnxper: i thought you were in a call with them
19:28 HyperoftheSnxper: are you lying toi me?
19:28 Robanomi        : nothing is wrong we just need to figure out what is happening
19:29 Robanomi        : im suggesting that you will build base rn
19:29 Robanomi        : no tricks
19:29 HyperoftheSnxper: free?
19:29 HyperoftheSnxper: let me free?
19:29 Robanomi        : i dont want anymore suprises today
19:29 Robanomi        : yes if no suprises today
19:29 HyperoftheSnxper: i am legit player
19:29 riley_grist     : no
19:29 riley_grist     : leave it
19:30 riley_grist     : rob do what your doing leave the new kids alone
19:30 riley_grist     : no
19:36 Robanomi        : how did u get those shulkerboxes
19:37 riley_grist     : cba to care
20:28 riley_grist: how do u have invis chests
20:29 HyperoftheSnxper: HUH
20:30 riley_grist     : im at your base anda chest is invisible
20:30 HyperoftheSnxper: why are you at my base
20:30 HyperoftheSnxper: do you midn
20:30 rabbwit         : no
20:30 riley_grist     : thats invisble
20:31 HyperoftheSnxper: go away
20:31 HyperoftheSnxper: its not
20:31 HyperoftheSnxper: which one is invius
20:31 HyperoftheSnxper: u mean u cant get in it?
20:31 riley_grist     : i can asccess but cant see
20:31 HyperoftheSnxper: then thats your side
20:31 HyperoftheSnxper: because they're all there for me
20:32 riley_grist     : how did u get somuch wood
20:32 HyperoftheSnxper: now please leave me in peace and stop stalking me
20:32 HyperoftheSnxper: trees insta mine
20:32 HyperoftheSnxper: its so satisfying
20:32 HyperoftheSnxper: literally the best server because of that reason
20:32 HyperoftheSnxper: fr fr
20:32 riley_grist     : well u cant get that much wood that fast
20:33 HyperoftheSnxper: now please leave me alone and stop folloing me because you have nothing to do
20:33 HyperoftheSnxper: watch
20:33 riley_grist     : ii am the owner
20:33 HyperoftheSnxper: do you mind
20:33 HyperoftheSnxper: can you please leave
20:34 riley_grist     : im checking
20:34 HyperoftheSnxper: correction, youre bored
20:34 HyperoftheSnxper: please leave me alone
20:34 HyperoftheSnxper: why are you still here?
21:03 HyperoftheSnxper: you again..
21:04 riley_grist     : i just came to say after watching your gameplay im osrry for any disrespect i did due to a new server im hot on cheating
21:04 HyperoftheSnxper: this isnt my first rodeo kid
21:05 HyperoftheSnxper: now i cant build a base because my land is too small, are we gonna fix this?
21:05 riley_grist     : wdym land too small
21:05 riley_grist     : need you claim adjusted
21:06 HyperoftheSnxper: and why are skins disabled?
21:07 riley_grist     : beucase i enable ofline mode so it doesnt authenticate with mojang as i use a cracked edition of mc
21:07 HyperoftheSnxper: of course you do
21:07 riley_grist     : would u want a copy of it
21:08 HyperoftheSnxper: no
21:09 riley_grist     : i gave u a netherite sword
21:10 HyperoftheSnxper: STOP
21:10 HyperoftheSnxper: stop.
21:24 Robanomi        : bruh
21:24 HyperoftheSnxper: ?
21:25 Robanomi        : why tf i dont have op
21:25 riley_grist     : i reset all
21:25 Robanomi        : can you op me
21:25 HyperoftheSnxper: dont he is gonna delete my stuff
21:25 Robanomi        : i can do it rn if you want to
21:26 riley_grist     : nah ill use the ranks leave op to when its needed
21:28 Robanomi        : i cannot worldedit rn
21:30 riley_grist     : ok ill un jail
21:31 riley_grist     : your free
21:31 HyperoftheSnxper: you're
21:31 Robanomi        : u want to get banned for being sarcatik
21:31 HyperoftheSnxper: u wanna maybe chill>?
21:31 riley_grist     : rob chill
21:32 riley_grist     : warning 1
21:32 riley_grist     : hes ok leave him alone
21:32 riley_grist     : harry lets build something
21:33 riley_grist     : so hyer is josh
21:33 HyperoftheSnxper: this dude is abusing admin
21:33 Robanomi        : i built the server
21:33 HyperoftheSnxper: i would suggest you remove him before he gives me more diamonds
21:34 Delvasity       : can u deop Roba? he's annoying atm fr
21:34 HyperoftheSnxper: someone has a short temper
21:34 Robanomi        : you dont know what my temper has faced today
21:34 HyperoftheSnxper: dont take it out on me'
21:34 Robanomi        : stfu then
21:35 HyperoftheSnxper: chill
21:35 Delvasity       : Josh u kinda did the same to me when ur what im guessing is PSU failed
21:35 Delvasity       : but i hope yall fucking chill fr
21:35 HyperoftheSnxper placed suspicious WATER_BUCKET @ world: x-24, z3595
21:36 riley_grist     : what u wanna build
21:36 Delvasity       : nothing, IDK if i can b bothered atm lol
21:37 Delvasity       : josh one of these aint even
21:37 Delvasity       : lagg
21:38 riley_grist     : new it was josh
21:38 HyperoftheSnxper: whos josh
21:38 Delvasity       : u :/
21:38 HyperoftheSnxper: my name is not josh.
21:39 Robanomi        : .
21:39 HyperoftheSnxper: whats the point
21:39 HyperoftheSnxper: someone ban this kid sending me to jail
21:40 HyperoftheSnxper: clearly hasnt taken his meds today
21:40 Robanomi        : you are now jailed for 3 hours for abusive communications 2. warning
21:40 HyperoftheSnxper: exuse me?
21:41 HyperoftheSnxper: im literally being abused and im causing problems
21:41 HyperoftheSnxper: whoever is grown up here release me
21:41 Robanomi        : nah
21:41 HyperoftheSnxper: i have done nothing wrong.
21:41 riley_grist     : now both of u chill
21:42 HyperoftheSnxper: release me
21:42 HyperoftheSnxper: this is blatent abusing perms
21:42 HyperoftheSnxper: i have done nothing wrong
21:43 Robanomi        : no u have been jailed for abusive communications
21:43 HyperoftheSnxper: that never happened
21:43 HyperoftheSnxper: what is being done about the person who keeps jailing me for fun then?
21:43 Robanomi        : "clearly someone hasnt taken his meds today"
21:44 HyperoftheSnxper: wasnt an insult.
21:44 HyperoftheSnxper: was a suggestion.
21:44 Robanomi        : i took it as a onw
21:44 HyperoftheSnxper: then dont/
21:45 HyperoftheSnxper placed suspicious WATER_BUCKET @ world: x-8, z3591
21:45 HyperoftheSnxper placed suspicious WATER_BUCKET @ world: x-8, z3591
21:45 HyperoftheSnxper placed suspicious WATER_BUCKET @ world: x-7, z3591
21:45 HyperoftheSnxper: can you stop.
21:46 HyperoftheSnxper: this was never funny
21:46 HyperoftheSnxper: release me please
21:47 HyperoftheSnxper: i apoligise for anything i said that may have been offencive to you,.
21:47 Robanomi        : k i forgive you 1 hout
21:47 HyperoftheSnxper placed suspicious WATER_BUCKET @ world: x-7, z3591
21:47 HyperoftheSnxper placed suspicious WATER_BUCKET @ world: x-7, z3591
21:47 riley_grist     : now rethink your actions
21:48 Robanomi        : i have built this
21:48 Robanomi        : ihave built all of this
21:48 riley_grist     : then u know u cant escape
21:48 HyperoftheSnxper placed suspicious WATER_BUCKET @ world: x-19, z3579
21:48 HyperoftheSnxper placed suspicious WATER_BUCKET @ world: x-19, z3579
21:48 HyperoftheSnxper placed suspicious WATER_BUCKET @ world: x-19, z3579
21:48 Robanomi        : you know the copyright right?
21:48 HyperoftheSnxper placed suspicious WATER_BUCKET @ world: x-19, z3579
21:48 Delvasity       : Roba u cant copyright builds btw
21:49 Robanomi        : everything i make is under my name unless i sell that copyright
21:49 Delvasity       : u can copyright buildings u record making, upload to youtube, etc
21:49 riley_grist     : rob chill get some sleep
21:49 Delvasity       : and you have to be 18 + to coprright something
21:49 riley_grist     : then we will discuss this tomrorow
21:49 Robanomi        : no i can copyright everything i make
21:49 HyperoftheSnxper placed suspicious WATER_BUCKET @ world: x-31, z3591
21:49 HyperoftheSnxper placed suspicious WATER_BUCKET @ world: x-31, z3591
21:49 Robanomi        : you can check that
21:49 HyperoftheSnxper placed suspicious WATER_BUCKET @ world: x-31, z3591
21:49 HyperoftheSnxper placed suspicious WATER_BUCKET @ world: x-31, z3591
21:49 riley_grist     : rob chill get some sleep
21:49 riley_grist     : then we will discuss this tomrorow
21:49 HyperoftheSnxper placed suspicious WATER_BUCKET @ world: x-31, z3591
21:50 Robanomi        : no if not awp now i will message mojag about copyright violation and the server will be shutdown
21:50 HyperoftheSnxper placed suspicious WATER_BUCKET @ world: x-19, z3603
21:50 HyperoftheSnxper placed suspicious WATER_BUCKET @ world: x-19, z3603
21:50 riley_grist     : rob chill get some sleep
21:50 HyperoftheSnxper placed suspicious WATER_BUCKET @ world: x-19, z3603
21:50 riley_grist     : then we will discuss this tomrorow
21:50 Robanomi        : ive done that before
21:50 HyperoftheSnxper placed suspicious WATER_BUCKET @ world: x-19, z3603
21:50 riley_grist     : stop now
21:51 Robanomi        : and the op had to delete everything
21:51 Robanomi        : ur call
21:51 Robanomi        : im pissed off
21:51 riley_grist     : rob goto sleep and we will discuss tomorrow
21:51 HyperoftheSnxper: we can tell
21:52 Robanomi        : this is non neagtioble thing
21:55 HyperoftheSnxper: nice
21:55 HyperoftheSnxper: nicve
21:55 Delvasity       : yeet
21:55 riley_grist     : hes banned
21:55 HyperoftheSnxper: whos banned?
21:55 riley_grist     : rob
21:55 HyperoftheSnxper: about time
21:56 HyperoftheSnxper: weather clear
21:56 riley_grist     : hes loosing it
21:56 riley_grist     : josh i knew it was u due to your name same as youtube
21:57 HyperoftheSnxper: what are you actuall on about
21:57 riley_grist     : i know its u
21:57 HyperoftheSnxper: sure you believe that but im not josh :/
21:57 riley_grist     : ok mike hunt
22:02 riley_grist     : hrry wuut
22:04 HyperoftheSnxper placed suspicious WATER_BUCKET @ world: x-10, z3583
22:05 HyperoftheSnxper placed suspicious WATER_BUCKET @ world: x-12, z3583
22:07 riley_grist     : welcome to my playground
22:07 riley_grist     : welcome
22:11 riley_grist     : fin what
22:12 riley_grist     : harry do / adminchat
22:12 Robanomi        : unjail pls
22:13 Delvasity       : welcome back Roba btw
22:14 riley_grist     : how
22:14 riley_grist     : u did it harry
22:14 riley_grist     : log said u did it
22:16 riley_grist     : play survival
22:16 Robanomi        : yeet fun
22:16 Robanomi        : riley im not in moob for this
22:16 Robanomi        : ./lp applyedits ao7iKCOCIy
22:17 HyperoftheSnxper: oh he got demoted
22:17 HyperoftheSnxper: pog
22:17 riley_grist     : josh be quiet
22:17 riley_grist     : dont start shit
22:17 riley_grist     : moob lol man boob
22:19 Delvasity       : Roba ur mutes over lol
22:20 Delvasity       : so glad it still notified even tho u left
22:20 Robanomi        : i would love the perms back
22:20 riley_grist     : wanna build anything harry
22:20 Robanomi        : r u serious
22:20 HyperoftheSnxper: why dont you play it like the rest of us have to? in survival?
22:20 Robanomi        : you say that rn
22:22 Robanomi        : would you like to give me perms to edit my builds
22:23 Robanomi        : ./lp applyedits Ud4FZwVzWf
22:23 Robanomi        : i would like to acces kits
22:23 Robanomi        : so if you could /lp applyedits Ud4FZwVzWf
22:24 riley_grist     : ill fix lagg tomorrow with jeremy
22:24 Robanomi        : riley my perms
22:25 Robanomi        : give me my perms back
22:25 Robanomi        : if not erease my builds
22:32 riley_grist     : restarting
22:40 riley_grist: maxxxxxxxx
22:40 No1WeeB200 : yyoyo
22:41 riley_grist:  placed a sign @ world: x-504, z335
  /jobs 
  t
22:41 riley_grist:  placed a sign @ world: x-504, z335
  /jobs browse
22:42 riley_grist: do /jobs browse
22:43 Delvasity  : ayupo
22:43 Delvasity  : ayup**
22:44 riley_grist: relax
22:45 riley_grist: do /jobs browse
22:45 riley_grist: do /jobs browse
22:46 riley_grist: do /jobs browse
22:47 riley_grist: wyd
