10:10 Robanomi   : hello harry
10:10 Delvasity  : hey
10:10 Robanomi   : idk what u talking bout but k
10:12 Delvasity  : /r cant place anything? 
10:13 Delvasity  : /r oof, I got no perms to place blocks, ignore claims, or change gamemode 
10:14 Delvasity  : /r lol 
10:14 Delvasity  : /r I cant World Edit :cry: 
10:14 Robanomi   : creative?
10:14 Delvasity  : /r Think u de opd me after the server crsh? 
10:16 Robanomi   : ok
10:16 Robanomi   : i was mentally dead yeaster day
10:16 Robanomi   : ♈
10:17 Robanomi   : what?
10:18 Robanomi   : thx
10:18 Robanomi   : stop
10:22 Delvasity  : 0
10:22 Delvasity  : 3
10:22 Delvasity  : 2
10:22 Delvasity  : I got a ban warning lol
10:30 Robanomi   : why i have fucking tnt
10:30 Robanomi   : I think harry gave em to me
10:32 Robanomi   : can you put me crative
10:33 Robanomi   : riley???
11:10 Robanomi  : riley gimmi creative now!
11:10 Robanomi  : or go fix the base urslef
11:29 riley_grist:  placed a sign @ world: x-499, z316
  ready for pvp do
  /warp pvp
11:30 riley_grist: ROB
11:30 Robanomi   : GIMMI CREATIVE
11:30 riley_grist: look behind u
11:30 Robanomi   : so?
11:30 riley_grist: do it
11:31 riley_grist: then do /spawn to return
11:31 Robanomi   : good expt the arena blows
11:31 riley_grist: im about to fix that
11:32 Robanomi   : could you make ./home avalible
11:32 Robanomi   : also i dont have premission to /spawn
11:32 riley_grist: okay ill sort that
11:33 riley_grist: behave
11:33 riley_grist: and ghelp me
11:39 Robanomi   : RILEY ?
11:39 riley_grist: yeah
11:39 Robanomi   : WOULD IT BE COOL TO MAKE THIS CIRCLE AND build it like colosseum style
11:40 riley_grist: if u can do it go ahead
11:40 Robanomi   : ok
11:42 Robanomi   : in need command blocks
11:42 Robanomi   : purple ones
11:42 riley_grist: for
11:42 Robanomi   : making big circles
11:44 Robanomi   : i cant place theese
11:44 riley_grist: ik
11:44 Robanomi   : sad
11:44 riley_grist: use mine
11:44 Robanomi   : cant open it
11:44 riley_grist: im gonna regret this
11:45 Robanomi   : nah
11:46 riley_grist: whats wrong
11:47 Robanomi   : i cannot use cmd blocks
11:47 riley_grist: placee your own
11:47 Robanomi   : cant
11:48 riley_grist: try now
11:48 Robanomi   : no
11:48 Robanomi   : ill log in again
11:48 Robanomi   : no
11:49 Robanomi   : wtf
11:49 riley_grist: errr
11:49 Robanomi   : cant do
11:49 riley_grist: idk
11:49 riley_grist: what does it need to say
11:49 riley_grist: your right
11:50 Robanomi   : this in first
11:50 Robanomi   : execute @e[type=armor_stand,name=circle] ~ ~ ~ tp ~ ~ ~ ~1 ~
11:50 Robanomi   : to another this: execute @e[type=armor_stand,name=circle] ~ ~ ~ tp ~ ~ ~ ~1 ~
11:50 Robanomi   : both - Repeat - Unconditional - Always Active
11:50 riley_grist: ok
11:51 Robanomi   : i can place em now
11:51 riley_grist: what about edit them#
11:51 Robanomi   : yes
11:52 Robanomi   : how big u want
11:52 riley_grist: how big you think
11:52 riley_grist: this is an emppty worldbrand new
12:03 riley_grist: what are you doing llol
12:03 Robanomi   : do we have we
12:03 Robanomi   : world edit
12:03 riley_grist: yea
12:04 Robanomi   : fuck im stupid
12:04 Robanomi   : how big
12:04 riley_grist: idm
12:04 riley_grist: bigger
12:05 riley_grist: that will do
12:05 riley_grist: ive removed the barriers
12:06 riley_grist: thats gonne be good ill beb back see how good u r become a server builder
12:18 Robanomi   : come se
12:18 Robanomi   : pretty good then
12:23 Robanomi   : what fo you need
12:23 Robanomi   : anything?
12:24 Robanomi   : i have no iddea wht that means
12:25 Robanomi   : ok maybe not
12:25 Robanomi   : i can build a spawn tho
12:26 Robanomi   : whit computer this wht ps4 somthing like city
12:26 Robanomi   : no atm
12:31 Robanomi   : im kinda done whit the place where audience is
12:31 riley_grist: im baxk
12:32 Robanomi   : what u say
12:32 riley_grist: this is amazing
12:32 Robanomi   : really+
12:32 Robanomi   : ?
12:33 riley_grist: yeah need to work on the sand floor right ?
12:33 riley_grist: idk
12:33 Robanomi   : yaps
12:33 Robanomi   : outside needs to be worked on
12:33 riley_grist: what part of thr outside
12:34 Robanomi   : if you see youtside of the arena it look so unreal
12:34 riley_grist: dw
12:34 Robanomi   : so like some kind of structures
12:34 riley_grist: no one will be able to leave this area
12:34 Robanomi   : ah okay
12:34 riley_grist: this is litraaly inly for pvp
12:37 riley_grist: on this side you could create a entrance to the arena but not actally have it do anything
12:41 Robanomi   : kinda done
12:42 riley_grist: might need some barriers
12:43 riley_grist: cant take armour off
12:48 riley_grist: like here we need to put barriers
12:48 Robanomi   : YEAH
12:48 riley_grist: to stop escapers
12:49 Robanomi   : IM BUILDING STAIRS LIKE THIS
12:49 Robanomi   : sorry caps
12:49 riley_grist: yeah
12:50 riley_grist: no /warp pvp
12:51 Robanomi   : what do you think
12:51 R3D_Jive   : Dude it's so sick
12:52 Robanomi   : thx
12:52 Robanomi   : oof lag
12:54 R3D_Jive   : Roba u do me a favour
12:54 Robanomi   : yes
12:54 R3D_Jive   : u build me a base
12:55 Robanomi   : oof what kind
12:55 riley_grist: lp
12:55 R3D_Jive   : small mansion and then decent underground area for all sorts of shit
12:56 Robanomi   : gimmi few days
12:56 R3D_Jive   : Pog cheers
12:57 Robanomi   : i was thinking making fireworksystem
12:57 R3D_Jive   : pog
12:57 Robanomi   : how does that sound
12:57 Robanomi   : riley
12:57 Robanomi   : ?
12:58 riley_grist: kinda goes away from the acient rome ideqa
12:58 R3D_Jive   : sounds good
12:58 Robanomi   : you cant see it
12:58 Robanomi   : tp
12:58 riley_grist: gm 1
12:59 Robanomi   : what u think
13:00 Robanomi   : maybe not this good?
13:00 R3D_Jive   : Roba need me to find an area then
13:01 riley_grist: just need to block the unground to stop poeple escapping but this is amamzing
13:03 Robanomi   : fuck you harry
13:03 riley_grist: op me harry
13:06 riley_grist: GOTTA RESTART SERVER
13:14 Robanomi  : lol
13:47 riley_grist: worldborder add 4999
13:47 riley_grist: t
14:10 JETB       : niga
14:11 riley_grist: hey1howu
14:14 Robanomi   : warp pvp
14:55 Robanomi   : harry are you there
15:36 riley_grist: i cant talk discord is fucked
16:24 riley_grist: its /mo menu
16:40 Robanomi   : shut up
16:49 riley_grist: what ever youput on my character last it gave me loads of hearts
16:49 Robanomi   : oh i gave you the super medkit
16:49 Robanomi   : can you try it to me
16:50 riley_grist: cant do it with full health
16:51 riley_grist: i amm but i needto loose hp
17:03 riley_grist: builed a house for noobs
17:03 riley_grist: needs beds crafting table ect
17:07 riley_grist: 2 chests to every 1 bed
17:14 riley_grist: LEAVE THIS AS A MASTER BEDROOM
17:14 riley_grist: soz caps
17:15 Robanomi   : ok
17:15 riley_grist: make it more interesting
17:15 Robanomi   : OK
17:16 Robanomi   : OK
17:22 Robanomi   : OK DON
17:27 riley_grist: looks good now need to fill this spce in
17:29 riley_grist: hotel nob one of the best
17:29 Robanomi   : YES
17:30 riley_grist: need to fill this area out make diffrent rooms with diffrent things enchant ment room brewing room ect
17:30 riley_grist: if yu want
17:33 Robanomi   : so left side 5 times 5 rightside 5 times 8
17:33 riley_grist: bookings
17:34 Robanomi   : oh ok
17:35 Robanomi   : once again bit of o better room
17:37 Robanomi   :  placed a sign @ world: x-590, z366
  Bookings
17:38 Robanomi   :  placed a sign @ world: x-590, z365
  Price
  DONT WORRY
  YOU CANT AFFORD
17:40 Robanomi   :  placed a sign @ world: x-592, z365
  For difficult
  customers
18:29 Robanomi  :  placed a sign @ world: x-499, z335
  wellcome to the
  Server
18:30 Robanomi  :  placed a sign @ world: x-500, z335
  use golden
  shovel to 
  claim blocks
18:30 Robanomi  :  placed a sign @ world: x-501, z335
  >>>>>>>>>
18:31 Robanomi  :  placed a sign @ world: x-501, z335
  Server in
  progress
18:32 Robanomi  :  placed a sign @ world: x-502, z335
  Msg Admins:
  Riley
  Delvasity
  Robanomi
18:32 Robanomi  :  placed a sign @ world: x-503, z335
  Have Fun
18:58 Robanomi  : thx riley i love you
18:59 Robanomi  : lol
18:59 Robanomi  : i just made my armory back
18:59 Robanomi  : so free hand rn
19:00 Robanomi  : would u like me to build smthing
19:00 Robanomi  : why?
19:01 Robanomi  : how i will join that
19:01 Robanomi  : how i join that
19:01 Robanomi  : work?
19:01 Robanomi  : hello
19:01 Robanomi  : ok
19:02 Robanomi  : how i jont the other world
19:02 Robanomi  : ??????
19:16 Robanomi  : so u want cmd blc style shop
19:16 Robanomi  : ?
19:16 riley_grist: i dont know lol im a noob when it comes down to buildingn
19:16 Robanomi   : like it automaticly takes ur tuff for otherstuff
19:17 Robanomi   : i can demo
19:17 riley_grist: oh idk could u show me the idea i had was chest shoop
19:25 riley_grist: what happened
19:29 riley_grist: hey]
19:29 riley_grist: rob u ok
19:30 Robanomi   : i dont know how that
19:30 Robanomi   : how to do that
19:30 Robanomi   : im sorry
19:31 Robanomi   : undo
19:31 riley_grist: dont be sorry i created this world for you to test
19:40 Robanomi   : this ?
19:42 riley_grist: yeah
19:43 Robanomi   : u could search for shop mod
19:44 Robanomi   : riley can we make jail
19:47 Robanomi   : riely u here
20:00 riley_grist: hey
20:00 riley_grist: sorry was eating diiner
20:00 Robanomi   : ok
20:00 Robanomi   : u back now?
20:00 riley_grist: yea
20:01 Robanomi   : can we make jail
20:02 Robanomi   :  placed a sign @ shop: x-534, z352
  fucking find
  ur own stuff
  WERE CLOSED
20:02 riley_grist: tCayzee1B 20000000Elytra (//iinfo or "?" recommended if the elytra you're selling has enchants or l
20:03 Robanomi   : WH
20:03 Robanomi   : wwht
20:03 riley_grist:  placed a sign @ shop: x-534, z352
  64
  b 10
  dirt
20:04 riley_grist:  placed a sign @ shop: x-534, z352
  64
  B 10
  dirt
20:04 Robanomi   :  placed a sign @ shop: x-532, z355
  elytra
  64 diamonds
20:05 riley_grist:  placed a sign @ shop: x-533, z351
  64
  B 10
  dirt
20:05 Robanomi   :  placed a sign @ shop: x-536, z348
  Emerald
  =
  5 diamonds
20:05 Robanomi   : wht does that mean
20:05 Robanomi   :  placed a sign @ shop: x-536, z348
  1 Diamond
  =
  30 iron
20:06 riley_grist: https://havocmc.net/threads/how-to-make-a-chest-shop.7054/
20:06 Robanomi   :  placed a sign @ shop: x-536, z348
  20 gold
  =
  1 Diamond
20:06 riley_grist: cheack that
20:06 riley_grist:  placed a sign @ shop: x-533, z351
  64
  B 10
  dirt
20:08 Robanomi   : u need this for it https://www.spigotmc.org/resources/chestshop.51856/
20:09 riley_grist: just getting it now thank you
20:10 Robanomi   : np can i make jail
20:13 riley_grist: where u creating it
20:13 Robanomi   : im trying to find one nether biome
20:13 riley_grist: make a new world if you want
20:13 Robanomi   : im in world nether
20:14 riley_grist: here will do
20:29 Robanomi  : undo
20:41 Robanomi  :  placed a sign @ world_nether: x-307, z-961
  shame
20:43 Robanomi  :  placed a sign @ world_nether: x-308, z-962
  A
20:44 Robanomi  :  placed a sign @ world_nether: x-309, z-958
  M
20:49 Robanomi  :  placed a sign @ world_nether: x-268, z-915
  W
20:49 Robanomi  :  placed a sign @ world_nether: x-263, z-915
  W
20:55 Robanomi  :  placed a sign @ world_nether: x-274, z-937
  This is the last
  warning you will
  get banned
  next time!
20:55 Robanomi  :  placed a sign @ world_nether: x-274, z-937
  Behave
21:09 Robanomi  : im gonna deop u for sec
21:10 riley_grist: ok
21:10 Robanomi   : its barrier
21:10 riley_grist: jst testing
21:10 Robanomi   : can you go to differernt world
21:10 riley_grist: okay
21:11 Robanomi   : it works
21:11 riley_grist: well done
21:11 Robanomi   : try to leave
21:12 riley_grist: nope dont work
21:12 Robanomi   : like warp pvp
21:12 riley_grist: it says you do the crime u do the time
21:12 Robanomi   : nice
21:12 Robanomi   : come here
21:12 riley_grist: how did u protect it
21:13 Robanomi   : read
21:13 riley_grist: haha
21:13 Robanomi   : shame monster
21:13 riley_grist: does look like hell lol
21:14 riley_grist: did u warp me here
21:14 Robanomi   : there is few wrong jails so use the netherfuckup
21:14 riley_grist: lol
21:14 riley_grist: unjail me
21:14 riley_grist: cheers
21:15 riley_grist: what are the first two
21:15 Robanomi   : i tried to make em earlier today
21:15 Robanomi   : i dont know how to delete em
21:16 riley_grist: okay you want me to delete them
21:16 Robanomi   : yes plz
21:16 riley_grist: also op me please
21:17 Robanomi   : riley can you jail me for 1 minute
21:18 riley_grist: create the jail now
21:18 riley_grist: removed all
21:19 riley_grist: no name it jail
21:19 riley_grist: lol
21:19 riley_grist: lol
21:19 Robanomi   : can you jail me for 1minute
21:19 Robanomi   : jail rob 1min
21:20 Robanomi   : how it going
21:20 Robanomi   : ./jail Robanomi fckdupdidn'tu? 1m
21:21 riley_grist: didnt know u ment to put ? at the end
21:21 Robanomi   : oh okay
21:22 Robanomi   : ok it works perfectly
21:22 riley_grist: now create the new jail called jail
21:22 Robanomi   : THIS IS SO COOL
21:22 Robanomi   : like this position or something else
21:23 riley_grist: this location diffrent name like jail or nicked
21:23 riley_grist: soemthing simple
21:23 Robanomi   : ok
21:23 Robanomi   : ok
21:23 Robanomi   : its called jail
21:23 riley_grist: i see
21:24 Robanomi   : jail me
21:24 Robanomi   : for now
21:24 Robanomi   : i want to see how far can i go till tp back
21:25 riley_grist: there we go stright to here
21:25 Robanomi   : jail me whhit no time
21:25 riley_grist: cant
21:25 Robanomi   : you can dont put any time
21:26 riley_grist: said ilegal date formatt
21:26 riley_grist: now it can
21:26 Robanomi   : can u break theese
21:26 riley_grist: blocks
21:27 Robanomi   : tp here me there
21:28 riley_grist: yeah once u escape u tour free
21:28 Robanomi   : can you tp me there
21:29 Robanomi   : ok
21:29 Robanomi   : un jail
21:30 Robanomi   : lol
21:30 riley_grist: this is amazing well done where do u get teleported to when your un jjailed
21:30 Robanomi   : like araund here
21:31 Robanomi   : hackers can be straight banned
21:31 Robanomi   : but no netherportals here
21:32 riley_grist: yeah
21:32 riley_grist: need to block topto stop poeple getting in
21:32 Robanomi   : ok
21:32 riley_grist: im supised from blowing up your base with tnt to making amazing builds
21:33 riley_grist: for admin its /warp admin_jail
21:33 Robanomi   : oh okay
21:34 riley_grist: yeah as we cant get here other wise
21:35 riley_grist: what next lol
21:35 riley_grist: wheres the shop
21:36 riley_grist: lol
21:36 Robanomi   : you like my so close so far jail
21:36 riley_grist: haha
21:36 riley_grist: wheres the shop
21:37 Robanomi   : o fuck
21:37 riley_grist: lol
21:37 riley_grist: create a warp
21:38 riley_grist: done
21:39 Robanomi   : did you download the mod
21:39 riley_grist:  placed a sign @ shop: x-533, z351
  B 1O
  dirt
21:39 riley_grist: yea
21:39 Robanomi   : nice
21:39 riley_grist: u remeber how to do it
21:40 Robanomi   : server is lagging
21:40 Robanomi   : or not
21:40 Robanomi   : nvr mind
21:41 riley_grist:  placed a sign @ shop: x-533, z351
  64
  b 10 : s 5
  dirt
21:41 riley_grist: did it
21:42 Robanomi   : how it works
21:43 riley_grist:  placed a sign @ shop: x-533, z351
  64
  B 10 : 5 s
  dirt
21:44 riley_grist:  placed a sign @ shop: x-533, z351
  64
  b 10
  dirt
21:44 Robanomi   : nothing should be at first row
21:44 riley_grist: cant buy or sell
21:44 riley_grist: i know it sets the name auto
21:45 Robanomi   : it shows me ur name
21:45 riley_grist: https://www.spigotmc.org/resources/chestshop.51856/
21:45 riley_grist: i know
21:45 riley_grist: oh shit
21:45 riley_grist: u create the sign please
21:48 Robanomi   : ok
21:48 Robanomi   :  placed a sign @ shop: x-533, z351
  64
  b10 : s 5
21:48 riley_grist: on chest
21:48 riley_grist: sadly
21:49 Robanomi   : i read that it must be one bloc away from chest
21:49 riley_grist: back lagged out
21:51 Robanomi   :  placed a sign @ shop: x-533, z352
  Admin Shop
  64
  B 10 : 5 S
  Diamond
21:52 Robanomi   : how u use that
21:52 riley_grist: TRY THe sign onthe chest lol
21:53 riley_grist: dont do adminshop part
21:53 Robanomi   :  placed a sign @ shop: x-533, z351
  64
  B 10 : 10 S
  Diamond
21:54 Robanomi   : where we see our balance
21:54 riley_grist: sorry
21:55 riley_grist:  placed a sign @ shop: x-534, z352
  admin shop
  1
  B 10 : 10 S
  diamond
21:55 Robanomi   : website is talking about some balance where i see mine
21:55 riley_grist: its /moeny
21:55 riley_grist: its /money
21:56 Robanomi   : op me
21:56 riley_grist: ok
21:57 riley_grist: should work
21:59 Robanomi   : can you make one
22:00 riley_grist: haha missing an addon api
22:00 Robanomi   :  placed a sign @ shop: x-533, z351
  1
  B 5 : 19 S
22:01 Robanomi   :  placed a sign @ shop: x-533, z351
  1
  B 4 : 12 S
  ?
22:01 Robanomi   :  placed a sign @ shop: x-533, z351
  1
  B
22:01 Robanomi   :  placed a sign @ shop: x-533, z351
  23
  B 33 : S 44
  ?
22:02 Robanomi   : bruh
22:02 riley_grist: need a restart
22:02 riley_grist: is that ok
22:02 Robanomi   : yaps
22:09 riley_grist:  placed a sign @ shop: x-533, z351
  1
  B 10 : 10 S
  diamond
22:09 Robanomi   :  placed a sign @ shop: x-529, z350
  1
  B 10 : S 7
  ?
22:09 riley_grist: tru now
22:10 riley_grist: fuckkkkkkkk
22:11 riley_grist: need more stuff
22:11 Robanomi   : i dont think it still works
22:13 Robanomi   : yeah you miss some mor plugins
22:14 Robanomi   : riley?
22:16 riley_grist: yea
22:17 riley_grist: YEAH rob
22:17 Robanomi   : u want to download again?
22:18 riley_grist: restart
22:25 riley_grist:  placed a sign @ shop: x-536, z348
  Admin Shop
  1
  B 10 : 10 S
  diamond
22:25 riley_grist: yay
22:25 riley_grist: try that 1
22:26 Robanomi   : works
22:26 riley_grist: i k
22:27 riley_grist: u did well
22:27 Robanomi   :  placed a sign @ shop: x-537, z320
  Admin Show
  1
  B 1000000 0 : 1 S
  Diamond
22:28 riley_grist:  placed a sign @ shop: x-536, z348
  Admin Shop
  64
  B 640 : 640 S
  diamond
22:28 Robanomi   :  placed a sign @ shop: x-552, z336
  Admin Shop
  1
  B: 999999 : 1 S
  Diamond
22:28 Robanomi   : sad
22:28 riley_grist: noworking ?
22:29 Robanomi   : yeah server is going to crash
22:29 riley_grist: not working
22:29 riley_grist: nope u type it wrong
22:29 Robanomi   :  placed a sign @ shop: x-552, z336
  Admin Shop
  1
  B 1000 : S 1
  Diamond
22:29 riley_grist: thatwroks
22:30 Robanomi   :  placed a sign @ shop: x-552, z335
  Admin Shop
  1
  B 1 : S 50000
  Diamond
22:30 riley_grist: now we mass produces the signs
22:31 Robanomi   :  placed a sign @ shop: x-552, z335
  Admin Shop
  1
  B 50000 : S 40000
  Diamond
22:34 riley_grist: lol
22:34 Robanomi   : gottta get rich
22:34 riley_grist: okay enough lol
22:35 riley_grist: back to work
22:35 riley_grist: creating the signs for all items
22:35 riley_grist: or the main ones
22:36 Robanomi   : can you change the Admin Shop to Offical Shop
22:36 riley_grist: okay will need a restart
22:37 Robanomi   : no problem
22:38 riley_grist: Official Shop is the new name
22:38 Robanomi   : of admin shop
22:38 riley_grist: dontneed a restart
22:39 riley_grist: dontneed a restart
22:39 Robanomi   :  placed a sign @ shop: x-538, z352
  Offical Shop
22:39 Robanomi   : lets make shop for every item
22:39 riley_grist:  placed a sign @ shop: x-535, z352
  Officail Shop
  64
  B 20 : 10 S
  dirt
22:40 riley_grist:  placed a sign @ shop: x-535, z352
  Admin Shop
  64
  B 20 : 10 S
  dirt
22:41 riley_grist:  placed a sign @ shop: x-536, z352
  Official Shop
  64
  B 20 : 10 S
  dirt
22:42 riley_grist: oi
22:42 riley_grist: comehere
22:43 riley_grist: rob
22:43 Robanomi   : yea
22:43 riley_grist: come here
22:44 riley_grist: will need to sort the prices but there u go
22:44 Robanomi   : works
22:44 riley_grist: will need to sort the prices but there u go
22:44 riley_grist: what items
22:45 Robanomi   : all
22:45 riley_grist: items we will use put in chest and remove when added
22:45 Robanomi   : wht
22:45 Robanomi   : u mean wht we sell
22:46 riley_grist: so we dont loose track all blocks place in the chest when u aadd an item to the shop remove it from the chest
22:46 Robanomi   : ok
22:46 Robanomi   : but we need to organise the floors
22:46 riley_grist: yeah
22:47 riley_grist: lol
22:47 Robanomi   : first floor wood?
22:48 riley_grist: we can use water or minecart elevators
22:48 Robanomi   : the top floor is like 0 only real valuables here
22:48 riley_grist: ok
22:48 riley_grist: good idea
22:49 Robanomi   : and then 1- 10 down going valuable
22:49 riley_grist: yeah
22:49 Robanomi   : i was thinking 1 wood and 2 rock
22:50 Robanomi   :  placed a sign @ shop: x-517, z336
  planks
22:51 Robanomi   :  placed a sign @ shop: x-536, z355
  log
22:51 Robanomi   :  placed a sign @ shop: x-555, z336
  misc
22:51 Robanomi   :  placed a sign @ shop: x-536, z317
  idk
22:53 Robanomi   : wht?
22:54 riley_grist: getting val
22:54 Robanomi   : come make first floor
22:54 riley_grist: idk how
22:54 Robanomi   :  placed a sign @ shop: x-517, z332
  Offical Shop
  1
  B 2 : S 1
  Oak Planks
22:55 Robanomi   :  placed a sign @ shop: x-517, z332
  Offical Shop
22:55 Robanomi   :  placed a sign @ shop: x-517, z332
  Offical Shop
  64
  B 150 : S 100 
  Oak Planks
22:56 Robanomi   :  placed a sign @ shop: x-517, z332
  Offical Shop
22:57 Robanomi   :  placed a sign @ shop: x-517, z332
  Offical Shop
  64
  B 150 : S 100
  Oak_planks
22:57 riley_grist: YEAH i like this paart
22:57 Robanomi   : what are the codes for planks
22:57 riley_grist: oakplank i think
22:58 riley_grist: hpw much should wood cost
22:59 riley_grist: at least 4x less then wood block
23:00 Robanomi   : idk
23:01 riley_grist: 5
23:01 riley_grist: 2 to sell
23:01 riley_grist: ?
23:08 Robanomi   : wood is 7.60/stack
23:10 Robanomi   :  placed a sign @ shop: x-517, z336
  Offical Shop
  64
  B 7.60 : S 1.30
23:11 riley_grist:  placed a sign @ shop: x-517, z332
  Official Shop
  64
  B 7.60 : 1.03 S
  oakplank
23:11 Robanomi   :  placed a sign @ shop: x-517, z336
  Offical Shop
  64
  B 7.10 : S 1.30
  acaciaplanks
23:12 riley_grist:  placed a sign @ shop: x-517, z332
  Official Shop
  64
  B 7.60 : 1.03 S
  Oak Plank
23:12 riley_grist: got it
23:13 Robanomi   :  placed a sign @ shop: x-517, z333
  Offical Shop
  64
  B 7.6 : S 1.03
  Spruce Planks
23:14 riley_grist:  placed a sign @ shop: x-517, z339
  Official Shop
  64
  B 7.60 : 1.03 S
  Crimson plank
23:14 Robanomi   :  placed a sign @ shop: x-517, z333
  Official Shop
  64
  B 7.6 : 1.03 S
  Spruce planks
23:15 Robanomi   :  placed a sign @ shop: x-517, z334
  Official Shop
  64
  B7.6 : 1.03 S
  Birch planks
23:15 riley_grist:  placed a sign @ shop: x-517, z339
  Official Shop
  64
  B 7.60 : 1.03 S
  Warped plank
23:15 Robanomi   :  placed a sign @ shop: x-517, z335
  Official Shop
  64
  B7.6 : 1.03
  Jungle planks
23:16 riley_grist:  placed a sign @ shop: x-517, z338
  Official Shop
  64
  B 7.60 : 1.03 S
  crimson plank
23:16 Robanomi   :  placed a sign @ shop: x-517, z336
  Official Shop
  64
  B 7.6 : 1.03 S
  acacia planks
23:16 riley_grist:  placed a sign @ shop: x-517, z337
  Official Shop
  64
  B 7.60 : 1.03 S
  Dark oak plank
23:17 Robanomi   :  placed a sign @ shop: x-517, z340
  Official Shop
  64
  B 5.0 : 0.40
  stick
23:18 Robanomi   :  placed a sign @ shop: x-532, z355
  Official Shop
23:18 Robanomi   : how much
23:18 Robanomi   : it is 32 sell 4.32 buy
23:19 riley_grist:  placed a sign @ shop: x-539, z355
  Official Shop
  64
  B 32 : 4.32 S
  warped stem
23:20 Robanomi   :  placed a sign @ shop: x-532, z355
  Official Shop
  64
  B 32 : S 4.32
23:20 riley_grist:  placed a sign @ shop: x-538, z355
  Official Shop
  64
  B 32 : 4.32 S
  Crimson stem
23:20 Robanomi   :  placed a sign @ shop: x-532, z355
  Official Shop
  64
  B 32 : 4.32 S
  Oak log
23:21 riley_grist:  placed a sign @ shop: x-537, z355
  Official Shop
  64
  B 32 : 4.32 S
  dark oak
23:21 Robanomi   :  placed a sign @ shop: x-533, z355
  Official Shop
  64
  B 32 : 4.32 S
  spurce log
23:21 Robanomi   :  placed a sign @ shop: x-533, z355
  Official Shop
  64
  B 32 : 4.32 S
  Spruce log
23:21 riley_grist:  placed a sign @ shop: x-537, z355
  Official Shop
  64
  B 32 : 4.32 S
  Dark oak log
23:22 Robanomi   :  placed a sign @ shop: x-534, z355
  Official Shop
  64
  B32 : 4.32 S
  Birch log
23:22 riley_grist:  placed a sign @ shop: x-536, z355
  Official Shop
  64
  B 32 : 4.32 S
  acicia log
23:22 Robanomi   :  placed a sign @ shop: x-535, z355
  Official Shop
  64
  B 32 : 4.32 S
  jungle log
23:23 Robanomi   :  placed a sign @ shop: x-536, z355
  Official Shop
  64
  b 32 : 4.32 S
  Acacia log
23:24 Robanomi   : lets do rock
23:24 riley_grist: ok
23:26 riley_grist: witch ones
23:26 Robanomi   : frames
23:26 Robanomi   : pls
23:26 Robanomi   : put item frmase to wall
23:27 Robanomi   : stack buy 31.8 and sell 4.29
23:28 riley_grist: for all
23:28 riley_grist: ?
23:28 Robanomi   : we could raise smooth stone and stones price
23:28 Robanomi   : but i dont really care
23:29 Robanomi   : maybe smoothstone 4.5
23:29 riley_grist: yeah
23:30 riley_grist: i gotta go sadly its 23 30 rn
23:30 Robanomi   : server is lagging
23:30 riley_grist: ik it will be getting laggy as we go on
23:31 Robanomi   :  placed a sign @ shop: x-555, z334
  Official Shop
  64
  B 32 : S 4.5
  smooth stone
23:31 Robanomi   : ok gn
23:32 riley_grist: behave lol if any trouble occur i give u perm to ban
23:32 Robanomi   :  placed a sign @ shop: x-555, z335
  Official Shop
  64
  B31.8 S 4.29
  stone
23:32 Robanomi   : would make damage to my own shit
23:33 Robanomi   : never
23:33 riley_grist: dont use tnt
23:33 Robanomi   : maybe
23:33 riley_grist: hehe goodnigth
23:34 Robanomi   :  placed a sign @ shop: x-555, z335
  Official Shop
  64
  B 31.8 : 4.29 S
  Stone
23:34 Robanomi   :  placed a sign @ shop: x-555, z336
  Official Shop
  64
  B 31.8 : 4.29 s
  goblestone
23:35 Robanomi   :  placed a sign @ shop: x-555, z336
  Official Shop
  64
  B 31.8 : 4.29 S
  Gobblestone
23:35 Robanomi   :  placed a sign @ shop: x-555, z336
  Official Shop
  64
  B31.8 : 4.29 S
  gobblestone
23:36 Robanomi   :  placed a sign @ shop: x-555, z336
  Official Shop
  64
  B31.8 : 4.29 S
  cobblestone
23:37 Robanomi   :  placed a sign @ shop: x-555, z337
  Official Shop
  64
  B 6.40 : 0.86 S
  gravel
23:38 Robanomi   :  placed a sign @ shop: x-555, z338
  Official Shop
  64
  B31.8 : 4.29
  diorite
23:38 Robanomi   :  placed a sign @ shop: x-555, z339
  Official Shop
  64
  B 31.8 : 4.29 S
  andersite
23:47 Robanomi   :  placed a sign @ world_nether: x-275, z-943
  have nice day
  "harry potter"
